Arguments: 
  /usr/local/Cellar/node/8.5.0/bin/node /usr/local/Cellar/yarn/1.0.2/libexec/bin/yarn.js add babel-preset-airbnb-base

PATH: 
  /usr/local/bin:/usr/bin:/bin:/usr/sbin:/sbin:/Users/lishingto/Library/Android/sdk/platform-tools/

Yarn version: 
  1.0.2

Node version: 
  8.5.0

Platform: 
  darwin x64

npm manifest: 
  {
    "name": "server",
    "version": "1.0.0",
    "main": "index.js",
    "license": "MIT",
    "scripts": {},
    "dependencies": {
      "level": "^1.7.0",
      "restify": "^6.0.1"
    },
    "devDependencies": {
      "babel-cli": "^6.26.0",
      "babel-register": "^6.26.0",
      "chai": "^4.1.2",
      "eslint": "^4.8.0",
      "eslint-config-airbnb-base": "^12.0.2",
      "eslint-plugin-import": "^2.7.0",
      "mocha": "^4.0.1"
    }
  }

yarn manifest: 
  No manifest

Lockfile: 
  # THIS IS AN AUTOGENERATED FILE. DO NOT EDIT THIS FILE DIRECTLY.
  # yarn lockfile v1
  
  
  abbrev@1:
    version "1.1.1"
    resolved "http://pyfarm-registry.local:4873/abbrev/-/abbrev-1.1.1.tgz#f8f2c887ad10bf67f634f005b6987fed3179aac8"
  
  abstract-leveldown@~2.6.0, abstract-leveldown@~2.6.1:
    version "2.6.3"
    resolved "http://pyfarm-registry.local:4873/abstract-leveldown/-/abstract-leveldown-2.6.3.tgz#1c5e8c6a5ef965ae8c35dfb3a8770c476b82c4b8"
    dependencies:
      xtend "~4.0.0"
  
  acorn-jsx@^3.0.0:
    version "3.0.1"
    resolved "http://pyfarm-registry.local:4873/acorn-jsx/-/acorn-jsx-3.0.1.tgz#afdf9488fb1ecefc8348f6fb22f464e32a58b36b"
    dependencies:
      acorn "^3.0.4"
  
  acorn@^3.0.4:
    version "3.3.0"
    resolved "http://pyfarm-registry.local:4873/acorn/-/acorn-3.3.0.tgz#45e37fb39e8da3f25baee3ff5369e2bb5f22017a"
  
  acorn@^5.1.1:
    version "5.1.2"
    resolved "http://pyfarm-registry.local:4873/acorn/-/acorn-5.1.2.tgz#911cb53e036807cf0fa778dc5d370fbd864246d7"
  
  ajv-keywords@^2.1.0:
    version "2.1.0"
    resolved "http://pyfarm-registry.local:4873/ajv-keywords/-/ajv-keywords-2.1.0.tgz#a296e17f7bfae7c1ce4f7e0de53d29cb32162df0"
  
  ajv@^4.9.1:
    version "4.11.8"
    resolved "http://pyfarm-registry.local:4873/ajv/-/ajv-4.11.8.tgz#82ffb02b29e662ae53bdc20af15947706739c536"
    dependencies:
      co "^4.6.0"
      json-stable-stringify "^1.0.1"
  
  ajv@^5.2.0, ajv@^5.2.3:
    version "5.2.3"
    resolved "http://pyfarm-registry.local:4873/ajv/-/ajv-5.2.3.tgz#c06f598778c44c6b161abafe3466b81ad1814ed2"
    dependencies:
      co "^4.6.0"
      fast-deep-equal "^1.0.0"
      json-schema-traverse "^0.3.0"
      json-stable-stringify "^1.0.1"
  
  ansi-escapes@^3.0.0:
    version "3.0.0"
    resolved "http://pyfarm-registry.local:4873/ansi-escapes/-/ansi-escapes-3.0.0.tgz#ec3e8b4e9f8064fc02c3ac9b65f1c275bda8ef92"
  
  ansi-regex@^2.0.0:
    version "2.1.1"
    resolved "http://pyfarm-registry.local:4873/ansi-regex/-/ansi-regex-2.1.1.tgz#c3b33ab5ee360d86e0e628f0468ae7ef27d654df"
  
  ansi-regex@^3.0.0:
    version "3.0.0"
    resolved "http://pyfarm-registry.local:4873/ansi-regex/-/ansi-regex-3.0.0.tgz#ed0317c322064f79466c02966bddb605ab37d998"
  
  ansi-styles@^2.2.1:
    version "2.2.1"
    resolved "http://pyfarm-registry.local:4873/ansi-styles/-/ansi-styles-2.2.1.tgz#b432dd3358b634cf75e1e4664368240533c1ddbe"
  
  ansi-styles@^3.1.0:
    version "3.2.0"
    resolved "http://pyfarm-registry.local:4873/ansi-styles/-/ansi-styles-3.2.0.tgz#c159b8d5be0f9e5a6f346dab94f16ce022161b88"
    dependencies:
      color-convert "^1.9.0"
  
  anymatch@^1.3.0:
    version "1.3.2"
    resolved "http://pyfarm-registry.local:4873/anymatch/-/anymatch-1.3.2.tgz#553dcb8f91e3c889845dfdba34c77721b90b9d7a"
    dependencies:
      micromatch "^2.1.5"
      normalize-path "^2.0.0"
  
  aproba@^1.0.3:
    version "1.2.0"
    resolved "http://pyfarm-registry.local:4873/aproba/-/aproba-1.2.0.tgz#6802e6264efd18c790a1b0d517f0f2627bf2c94a"
  
  are-we-there-yet@~1.1.2:
    version "1.1.4"
    resolved "http://pyfarm-registry.local:4873/are-we-there-yet/-/are-we-there-yet-1.1.4.tgz#bb5dca382bb94f05e15194373d16fd3ba1ca110d"
    dependencies:
      delegates "^1.0.0"
      readable-stream "^2.0.6"
  
  argparse@^1.0.7:
    version "1.0.9"
    resolved "http://pyfarm-registry.local:4873/argparse/-/argparse-1.0.9.tgz#73d83bc263f86e97f8cc4f6bae1b0e90a7d22c86"
    dependencies:
      sprintf-js "~1.0.2"
  
  arr-diff@^2.0.0:
    version "2.0.0"
    resolved "http://pyfarm-registry.local:4873/arr-diff/-/arr-diff-2.0.0.tgz#8f3b827f955a8bd669697e4a4256ac3ceae356cf"
    dependencies:
      arr-flatten "^1.0.1"
  
  arr-flatten@^1.0.1:
    version "1.1.0"
    resolved "http://pyfarm-registry.local:4873/arr-flatten/-/arr-flatten-1.1.0.tgz#36048bbff4e7b47e136644316c99669ea5ae91f1"
  
  array-union@^1.0.1:
    version "1.0.2"
    resolved "http://pyfarm-registry.local:4873/array-union/-/array-union-1.0.2.tgz#9a34410e4f4e3da23dea375be5be70f24778ec39"
    dependencies:
      array-uniq "^1.0.1"
  
  array-uniq@^1.0.1:
    version "1.0.3"
    resolved "http://pyfarm-registry.local:4873/array-uniq/-/array-uniq-1.0.3.tgz#af6ac877a25cc7f74e058894753858dfdb24fdb6"
  
  array-unique@^0.2.1:
    version "0.2.1"
    resolved "http://pyfarm-registry.local:4873/array-unique/-/array-unique-0.2.1.tgz#a1d97ccafcbc2625cc70fadceb36a50c58b01a53"
  
  arrify@^1.0.0:
    version "1.0.1"
    resolved "http://pyfarm-registry.local:4873/arrify/-/arrify-1.0.1.tgz#898508da2226f380df904728456849c1501a4b0d"
  
  asn1@~0.2.3:
    version "0.2.3"
    resolved "http://pyfarm-registry.local:4873/asn1/-/asn1-0.2.3.tgz#dac8787713c9966849fc8180777ebe9c1ddf3b86"
  
  assert-plus@1.0.0, assert-plus@^1.0.0:
    version "1.0.0"
    resolved "http://pyfarm-registry.local:4873/assert-plus/-/assert-plus-1.0.0.tgz#f12e0f3c5d77b0b1cdd9146942e4e96c1e4dd525"
  
  assert-plus@^0.2.0:
    version "0.2.0"
    resolved "http://pyfarm-registry.local:4873/assert-plus/-/assert-plus-0.2.0.tgz#d74e1b87e7affc0db8aadb7021f3fe48101ab234"
  
  assertion-error@^1.0.1:
    version "1.0.2"
    resolved "http://pyfarm-registry.local:4873/assertion-error/-/assertion-error-1.0.2.tgz#13ca515d86206da0bac66e834dd397d87581094c"
  
  async-each@^1.0.0:
    version "1.0.1"
    resolved "http://pyfarm-registry.local:4873/async-each/-/async-each-1.0.1.tgz#19d386a1d9edc6e7c1c85d388aedbcc56d33602d"
  
  asynckit@^0.4.0:
    version "0.4.0"
    resolved "http://pyfarm-registry.local:4873/asynckit/-/asynckit-0.4.0.tgz#c79ed97f7f34cb8f2ba1bc9790bcc366474b4b79"
  
  aws-sign2@~0.6.0:
    version "0.6.0"
    resolved "http://pyfarm-registry.local:4873/aws-sign2/-/aws-sign2-0.6.0.tgz#14342dd38dbcc94d0e5b87d763cd63612c0e794f"
  
  aws4@^1.2.1:
    version "1.6.0"
    resolved "http://pyfarm-registry.local:4873/aws4/-/aws4-1.6.0.tgz#83ef5ca860b2b32e4a0deedee8c771b9db57471e"
  
  babel-cli@^6.26.0:
    version "6.26.0"
    resolved "http://pyfarm-registry.local:4873/babel-cli/-/babel-cli-6.26.0.tgz#502ab54874d7db88ad00b887a06383ce03d002f1"
    dependencies:
      babel-core "^6.26.0"
      babel-polyfill "^6.26.0"
      babel-register "^6.26.0"
      babel-runtime "^6.26.0"
      commander "^2.11.0"
      convert-source-map "^1.5.0"
      fs-readdir-recursive "^1.0.0"
      glob "^7.1.2"
      lodash "^4.17.4"
      output-file-sync "^1.1.2"
      path-is-absolute "^1.0.1"
      slash "^1.0.0"
      source-map "^0.5.6"
      v8flags "^2.1.1"
    optionalDependencies:
      chokidar "^1.6.1"
  
  babel-code-frame@^6.22.0, babel-code-frame@^6.26.0:
    version "6.26.0"
    resolved "http://pyfarm-registry.local:4873/babel-code-frame/-/babel-code-frame-6.26.0.tgz#63fd43f7dc1e3bb7ce35947db8fe369a3f58c74b"
    dependencies:
      chalk "^1.1.3"
      esutils "^2.0.2"
      js-tokens "^3.0.2"
  
  babel-core@^6.26.0:
    version "6.26.0"
    resolved "http://pyfarm-registry.local:4873/babel-core/-/babel-core-6.26.0.tgz#af32f78b31a6fcef119c87b0fd8d9753f03a0bb8"
    dependencies:
      babel-code-frame "^6.26.0"
      babel-generator "^6.26.0"
      babel-helpers "^6.24.1"
      babel-messages "^6.23.0"
      babel-register "^6.26.0"
      babel-runtime "^6.26.0"
      babel-template "^6.26.0"
      babel-traverse "^6.26.0"
      babel-types "^6.26.0"
      babylon "^6.18.0"
      convert-source-map "^1.5.0"
      debug "^2.6.8"
      json5 "^0.5.1"
      lodash "^4.17.4"
      minimatch "^3.0.4"
      path-is-absolute "^1.0.1"
      private "^0.1.7"
      slash "^1.0.0"
      source-map "^0.5.6"
  
  babel-generator@^6.26.0:
    version "6.26.0"
    resolved "http://pyfarm-registry.local:4873/babel-generator/-/babel-generator-6.26.0.tgz#ac1ae20070b79f6e3ca1d3269613053774f20dc5"
    dependencies:
      babel-messages "^6.23.0"
      babel-runtime "^6.26.0"
      babel-types "^6.26.0"
      detect-indent "^4.0.0"
      jsesc "^1.3.0"
      lodash "^4.17.4"
      source-map "^0.5.6"
      trim-right "^1.0.1"
  
  babel-helpers@^6.24.1:
    version "6.24.1"
    resolved "http://pyfarm-registry.local:4873/babel-helpers/-/babel-helpers-6.24.1.tgz#3471de9caec388e5c850e597e58a26ddf37602b2"
    dependencies:
      babel-runtime "^6.22.0"
      babel-template "^6.24.1"
  
  babel-messages@^6.23.0:
    version "6.23.0"
    resolved "http://pyfarm-registry.local:4873/babel-messages/-/babel-messages-6.23.0.tgz#f3cdf4703858035b2a2951c6ec5edf6c62f2630e"
    dependencies:
      babel-runtime "^6.22.0"
  
  babel-polyfill@^6.26.0:
    version "6.26.0"
    resolved "http://pyfarm-registry.local:4873/babel-polyfill/-/babel-polyfill-6.26.0.tgz#379937abc67d7895970adc621f284cd966cf2153"
    dependencies:
      babel-runtime "^6.26.0"
      core-js "^2.5.0"
      regenerator-runtime "^0.10.5"
  
  babel-register@^6.26.0:
    version "6.26.0"
    resolved "http://pyfarm-registry.local:4873/babel-register/-/babel-register-6.26.0.tgz#6ed021173e2fcb486d7acb45c6009a856f647071"
    dependencies:
      babel-core "^6.26.0"
      babel-runtime "^6.26.0"
      core-js "^2.5.0"
      home-or-tmp "^2.0.0"
      lodash "^4.17.4"
      mkdirp "^0.5.1"
      source-map-support "^0.4.15"
  
  babel-runtime@^6.22.0, babel-runtime@^6.26.0:
    version "6.26.0"
    resolved "http://pyfarm-registry.local:4873/babel-runtime/-/babel-runtime-6.26.0.tgz#965c7058668e82b55d7bfe04ff2337bc8b5647fe"
    dependencies:
      core-js "^2.4.0"
      regenerator-runtime "^0.11.0"
  
  babel-template@^6.24.1, babel-template@^6.26.0:
    version "6.26.0"
    resolved "http://pyfarm-registry.local:4873/babel-template/-/babel-template-6.26.0.tgz#de03e2d16396b069f46dd9fff8521fb1a0e35e02"
    dependencies:
      babel-runtime "^6.26.0"
      babel-traverse "^6.26.0"
      babel-types "^6.26.0"
      babylon "^6.18.0"
      lodash "^4.17.4"
  
  babel-traverse@^6.26.0:
    version "6.26.0"
    resolved "http://pyfarm-registry.local:4873/babel-traverse/-/babel-traverse-6.26.0.tgz#46a9cbd7edcc62c8e5c064e2d2d8d0f4035766ee"
    dependencies:
      babel-code-frame "^6.26.0"
      babel-messages "^6.23.0"
      babel-runtime "^6.26.0"
      babel-types "^6.26.0"
      babylon "^6.18.0"
      debug "^2.6.8"
      globals "^9.18.0"
      invariant "^2.2.2"
      lodash "^4.17.4"
  
  babel-types@^6.26.0:
    version "6.26.0"
    resolved "http://pyfarm-registry.local:4873/babel-types/-/babel-types-6.26.0.tgz#a3b073f94ab49eb6fa55cd65227a334380632497"
    dependencies:
      babel-runtime "^6.26.0"
      esutils "^2.0.2"
      lodash "^4.17.4"
      to-fast-properties "^1.0.3"
  
  babylon@^6.18.0:
    version "6.18.0"
    resolved "http://pyfarm-registry.local:4873/babylon/-/babylon-6.18.0.tgz#af2f3b88fa6f5c1e4c634d1a0f8eac4f55b395e3"
  
  balanced-match@^1.0.0:
    version "1.0.0"
    resolved "http://pyfarm-registry.local:4873/balanced-match/-/balanced-match-1.0.0.tgz#89b4d199ab2bee49de164ea02b89ce462d71b767"
  
  bcrypt-pbkdf@^1.0.0:
    version "1.0.1"
    resolved "http://pyfarm-registry.local:4873/bcrypt-pbkdf/-/bcrypt-pbkdf-1.0.1.tgz#63bc5dcb61331b92bc05fd528953c33462a06f8d"
    dependencies:
      tweetnacl "^0.14.3"
  
  binary-extensions@^1.0.0:
    version "1.10.0"
    resolved "http://pyfarm-registry.local:4873/binary-extensions/-/binary-extensions-1.10.0.tgz#9aeb9a6c5e88638aad171e167f5900abe24835d0"
  
  bindings@~1.2.1:
    version "1.2.1"
    resolved "http://pyfarm-registry.local:4873/bindings/-/bindings-1.2.1.tgz#14ad6113812d2d37d72e67b4cacb4bb726505f11"
  
  bl@^1.0.0:
    version "1.2.1"
    resolved "http://pyfarm-registry.local:4873/bl/-/bl-1.2.1.tgz#cac328f7bee45730d404b692203fcb590e172d5e"
    dependencies:
      readable-stream "^2.0.5"
  
  block-stream@*:
    version "0.0.9"
    resolved "http://pyfarm-registry.local:4873/block-stream/-/block-stream-0.0.9.tgz#13ebfe778a03205cfe03751481ebb4b3300c126a"
    dependencies:
      inherits "~2.0.0"
  
  boom@2.x.x:
    version "2.10.1"
    resolved "http://pyfarm-registry.local:4873/boom/-/boom-2.10.1.tgz#39c8918ceff5799f83f9492a848f625add0c766f"
    dependencies:
      hoek "2.x.x"
  
  brace-expansion@^1.1.7:
    version "1.1.8"
    resolved "http://pyfarm-registry.local:4873/brace-expansion/-/brace-expansion-1.1.8.tgz#c07b211c7c952ec1f8efd51a77ef0d1d3990a292"
    dependencies:
      balanced-match "^1.0.0"
      concat-map "0.0.1"
  
  braces@^1.8.2:
    version "1.8.5"
    resolved "http://pyfarm-registry.local:4873/braces/-/braces-1.8.5.tgz#ba77962e12dff969d6b76711e914b737857bf6a7"
    dependencies:
      expand-range "^1.8.1"
      preserve "^0.2.0"
      repeat-element "^1.1.2"
  
  browser-stdout@1.3.0:
    version "1.3.0"
    resolved "http://pyfarm-registry.local:4873/browser-stdout/-/browser-stdout-1.3.0.tgz#f351d32969d32fa5d7a5567154263d928ae3bd1f"
  
  builtin-modules@^1.0.0, builtin-modules@^1.1.1:
    version "1.1.1"
    resolved "http://pyfarm-registry.local:4873/builtin-modules/-/builtin-modules-1.1.1.tgz#270f076c5a72c02f5b65a47df94c5fe3a278892f"
  
  bunyan@^1.8.1:
    version "1.8.12"
    resolved "http://pyfarm-registry.local:4873/bunyan/-/bunyan-1.8.12.tgz#f150f0f6748abdd72aeae84f04403be2ef113797"
    optionalDependencies:
      dtrace-provider "~0.8"
      moment "^2.10.6"
      mv "~2"
      safe-json-stringify "~1"
  
  caller-path@^0.1.0:
    version "0.1.0"
    resolved "http://pyfarm-registry.local:4873/caller-path/-/caller-path-0.1.0.tgz#94085ef63581ecd3daa92444a8fe94e82577751f"
    dependencies:
      callsites "^0.2.0"
  
  callsites@^0.2.0:
    version "0.2.0"
    resolved "http://pyfarm-registry.local:4873/callsites/-/callsites-0.2.0.tgz#afab96262910a7f33c19a5775825c69f34e350ca"
  
  caseless@~0.12.0:
    version "0.12.0"
    resolved "http://pyfarm-registry.local:4873/caseless/-/caseless-0.12.0.tgz#1b681c21ff84033c826543090689420d187151dc"
  
  chai@^4.1.2:
    version "4.1.2"
    resolved "http://pyfarm-registry.local:4873/chai/-/chai-4.1.2.tgz#0f64584ba642f0f2ace2806279f4f06ca23ad73c"
    dependencies:
      assertion-error "^1.0.1"
      check-error "^1.0.1"
      deep-eql "^3.0.0"
      get-func-name "^2.0.0"
      pathval "^1.0.0"
      type-detect "^4.0.0"
  
  chalk@^1.1.3:
    version "1.1.3"
    resolved "http://pyfarm-registry.local:4873/chalk/-/chalk-1.1.3.tgz#a8115c55e4a702fe4d150abd3872822a7e09fc98"
    dependencies:
      ansi-styles "^2.2.1"
      escape-string-regexp "^1.0.2"
      has-ansi "^2.0.0"
      strip-ansi "^3.0.0"
      supports-color "^2.0.0"
  
  chalk@^2.0.0, chalk@^2.1.0:
    version "2.1.0"
    resolved "http://pyfarm-registry.local:4873/chalk/-/chalk-2.1.0.tgz#ac5becf14fa21b99c6c92ca7a7d7cfd5b17e743e"
    dependencies:
      ansi-styles "^3.1.0"
      escape-string-regexp "^1.0.5"
      supports-color "^4.0.0"
  
  check-error@^1.0.1:
    version "1.0.2"
    resolved "http://pyfarm-registry.local:4873/check-error/-/check-error-1.0.2.tgz#574d312edd88bb5dd8912e9286dd6c0aed4aac82"
  
  chokidar@^1.6.1:
    version "1.7.0"
    resolved "http://pyfarm-registry.local:4873/chokidar/-/chokidar-1.7.0.tgz#798e689778151c8076b4b360e5edd28cda2bb468"
    dependencies:
      anymatch "^1.3.0"
      async-each "^1.0.0"
      glob-parent "^2.0.0"
      inherits "^2.0.1"
      is-binary-path "^1.0.0"
      is-glob "^2.0.0"
      path-is-absolute "^1.0.0"
      readdirp "^2.0.0"
    optionalDependencies:
      fsevents "^1.0.0"
  
  chownr@^1.0.1:
    version "1.0.1"
    resolved "http://pyfarm-registry.local:4873/chownr/-/chownr-1.0.1.tgz#e2a75042a9551908bebd25b8523d5f9769d79181"
  
  circular-json@^0.3.1:
    version "0.3.3"
    resolved "http://pyfarm-registry.local:4873/circular-json/-/circular-json-0.3.3.tgz#815c99ea84f6809529d2f45791bdf82711352d66"
  
  cli-cursor@^2.1.0:
    version "2.1.0"
    resolved "http://pyfarm-registry.local:4873/cli-cursor/-/cli-cursor-2.1.0.tgz#b35dac376479facc3e94747d41d0d0f5238ffcb5"
    dependencies:
      restore-cursor "^2.0.0"
  
  cli-width@^2.0.0:
    version "2.2.0"
    resolved "http://pyfarm-registry.local:4873/cli-width/-/cli-width-2.2.0.tgz#ff19ede8a9a5e579324147b0c11f0fbcbabed639"
  
  clone-regexp@^1.0.0:
    version "1.0.0"
    resolved "http://pyfarm-registry.local:4873/clone-regexp/-/clone-regexp-1.0.0.tgz#eae0a2413f55c0942f818c229fefce845d7f3b1c"
    dependencies:
      is-regexp "^1.0.0"
      is-supported-regexp-flag "^1.0.0"
  
  co@^4.6.0:
    version "4.6.0"
    resolved "http://pyfarm-registry.local:4873/co/-/co-4.6.0.tgz#6ea6bdf3d853ae54ccb8e47bfa0bf3f9031fb184"
  
  code-point-at@^1.0.0:
    version "1.1.0"
    resolved "http://pyfarm-registry.local:4873/code-point-at/-/code-point-at-1.1.0.tgz#0d070b4d043a5bea33a2f1a40e2edb3d9a4ccf77"
  
  color-convert@^1.9.0:
    version "1.9.0"
    resolved "http://pyfarm-registry.local:4873/color-convert/-/color-convert-1.9.0.tgz#1accf97dd739b983bf994d56fec8f95853641b7a"
    dependencies:
      color-name "^1.1.1"
  
  color-name@^1.1.1:
    version "1.1.3"
    resolved "http://pyfarm-registry.local:4873/color-name/-/color-name-1.1.3.tgz#a7d0558bd89c42f795dd42328f740831ca53bc25"
  
  combined-stream@^1.0.5, combined-stream@~1.0.5:
    version "1.0.5"
    resolved "http://pyfarm-registry.local:4873/combined-stream/-/combined-stream-1.0.5.tgz#938370a57b4a51dea2c77c15d5c5fdf895164009"
    dependencies:
      delayed-stream "~1.0.0"
  
  commander@2.11.0, commander@^2.11.0:
    version "2.11.0"
    resolved "http://pyfarm-registry.local:4873/commander/-/commander-2.11.0.tgz#157152fd1e7a6c8d98a5b715cf376df928004563"
  
  concat-map@0.0.1:
    version "0.0.1"
    resolved "http://pyfarm-registry.local:4873/concat-map/-/concat-map-0.0.1.tgz#d8a96bd77fd68df7793a73036a3ba0d5405d477b"
  
  concat-stream@^1.6.0:
    version "1.6.0"
    resolved "http://pyfarm-registry.local:4873/concat-stream/-/concat-stream-1.6.0.tgz#0aac662fd52be78964d5532f694784e70110acf7"
    dependencies:
      inherits "^2.0.3"
      readable-stream "^2.2.2"
      typedarray "^0.0.6"
  
  console-control-strings@^1.0.0, console-control-strings@~1.1.0:
    version "1.1.0"
    resolved "http://pyfarm-registry.local:4873/console-control-strings/-/console-control-strings-1.1.0.tgz#3d7cf4464db6446ea644bf4b39507f9851008e8e"
  
  contains-path@^0.1.0:
    version "0.1.0"
    resolved "http://pyfarm-registry.local:4873/contains-path/-/contains-path-0.1.0.tgz#fe8cf184ff6670b6baef01a9d4861a5cbec4120a"
  
  convert-source-map@^1.5.0:
    version "1.5.0"
    resolved "http://pyfarm-registry.local:4873/convert-source-map/-/convert-source-map-1.5.0.tgz#9acd70851c6d5dfdd93d9282e5edf94a03ff46b5"
  
  core-js@^2.4.0, core-js@^2.5.0:
    version "2.5.1"
    resolved "http://pyfarm-registry.local:4873/core-js/-/core-js-2.5.1.tgz#ae6874dc66937789b80754ff5428df66819ca50b"
  
  core-util-is@1.0.2, core-util-is@~1.0.0:
    version "1.0.2"
    resolved "http://pyfarm-registry.local:4873/core-util-is/-/core-util-is-1.0.2.tgz#b5fd54220aa2bc5ab57aab7140c940754503c1a7"
  
  cross-spawn@^5.1.0:
    version "5.1.0"
    resolved "http://pyfarm-registry.local:4873/cross-spawn/-/cross-spawn-5.1.0.tgz#e8bd0efee58fcff6f8f94510a0a554bbfa235449"
    dependencies:
      lru-cache "^4.0.1"
      shebang-command "^1.2.0"
      which "^1.2.9"
  
  cryptiles@2.x.x:
    version "2.0.5"
    resolved "http://pyfarm-registry.local:4873/cryptiles/-/cryptiles-2.0.5.tgz#3bdfecdc608147c1c67202fa291e7dca59eaa3b8"
    dependencies:
      boom "2.x.x"
  
  csv-generate@^1.0.0:
    version "1.0.0"
    resolved "http://pyfarm-registry.local:4873/csv-generate/-/csv-generate-1.0.0.tgz#bd52886859d0c925f3e51f60f3abed262fa15caf"
  
  csv-parse@^1.2.0:
    version "1.2.4"
    resolved "http://pyfarm-registry.local:4873/csv-parse/-/csv-parse-1.2.4.tgz#cbf676e355226625888c6432400b83f07e75cc2e"
  
  csv-stringify@^1.0.0:
    version "1.0.4"
    resolved "http://pyfarm-registry.local:4873/csv-stringify/-/csv-stringify-1.0.4.tgz#bc18bab9ad4cef3195fd257980b58b479c42d3e5"
    dependencies:
      lodash.get "^4.0.0"
  
  csv@^1.1.0:
    version "1.1.1"
    resolved "http://pyfarm-registry.local:4873/csv/-/csv-1.1.1.tgz#d9952d59b1f964a7afbcdd804d6818a73199a477"
    dependencies:
      csv-generate "^1.0.0"
      csv-parse "^1.2.0"
      csv-stringify "^1.0.0"
      stream-transform "^0.1.0"
  
  dashdash@^1.12.0:
    version "1.14.1"
    resolved "http://pyfarm-registry.local:4873/dashdash/-/dashdash-1.14.1.tgz#853cfa0f7cbe2fed5de20326b8dd581035f6e2f0"
    dependencies:
      assert-plus "^1.0.0"
  
  debug@3.1.0, debug@^3.0.1:
    version "3.1.0"
    resolved "http://pyfarm-registry.local:4873/debug/-/debug-3.1.0.tgz#5bb5a0672628b64149566ba16819e61518c67261"
    dependencies:
      ms "2.0.0"
  
  debug@^2.2.0, debug@^2.6.8:
    version "2.6.9"
    resolved "http://pyfarm-registry.local:4873/debug/-/debug-2.6.9.tgz#5d128515df134ff327e90a4c93f4e077a536341f"
    dependencies:
      ms "2.0.0"
  
  deep-eql@^3.0.0:
    version "3.0.1"
    resolved "http://pyfarm-registry.local:4873/deep-eql/-/deep-eql-3.0.1.tgz#dfc9404400ad1c8fe023e7da1df1c147c4b444df"
    dependencies:
      type-detect "^4.0.0"
  
  deep-extend@~0.4.0:
    version "0.4.2"
    resolved "http://pyfarm-registry.local:4873/deep-extend/-/deep-extend-0.4.2.tgz#48b699c27e334bf89f10892be432f6e4c7d34a7f"
  
  deep-is@~0.1.3:
    version "0.1.3"
    resolved "http://pyfarm-registry.local:4873/deep-is/-/deep-is-0.1.3.tgz#b369d6fb5dbc13eecf524f91b070feedc357cf34"
  
  deferred-leveldown@~1.2.1:
    version "1.2.2"
    resolved "http://pyfarm-registry.local:4873/deferred-leveldown/-/deferred-leveldown-1.2.2.tgz#3acd2e0b75d1669924bc0a4b642851131173e1eb"
    dependencies:
      abstract-leveldown "~2.6.0"
  
  del@^2.0.2:
    version "2.2.2"
    resolved "http://pyfarm-registry.local:4873/del/-/del-2.2.2.tgz#c12c981d067846c84bcaf862cff930d907ffd1a8"
    dependencies:
      globby "^5.0.0"
      is-path-cwd "^1.0.0"
      is-path-in-cwd "^1.0.0"
      object-assign "^4.0.1"
      pify "^2.0.0"
      pinkie-promise "^2.0.0"
      rimraf "^2.2.8"
  
  delayed-stream@~1.0.0:
    version "1.0.0"
    resolved "http://pyfarm-registry.local:4873/delayed-stream/-/delayed-stream-1.0.0.tgz#df3ae199acadfb7d440aaae0b29e2272b24ec619"
  
  delegates@^1.0.0:
    version "1.0.0"
    resolved "http://pyfarm-registry.local:4873/delegates/-/delegates-1.0.0.tgz#84c6e159b81904fdca59a0ef44cd870d31250f9a"
  
  detect-indent@^4.0.0:
    version "4.0.0"
    resolved "http://pyfarm-registry.local:4873/detect-indent/-/detect-indent-4.0.0.tgz#f76d064352cdf43a1cb6ce619c4ee3a9475de208"
    dependencies:
      repeating "^2.0.0"
  
  detect-node@^2.0.3:
    version "2.0.3"
    resolved "http://pyfarm-registry.local:4873/detect-node/-/detect-node-2.0.3.tgz#a2033c09cc8e158d37748fbde7507832bd6ce127"
  
  diff@3.3.1:
    version "3.3.1"
    resolved "http://pyfarm-registry.local:4873/diff/-/diff-3.3.1.tgz#aa8567a6eed03c531fc89d3f711cd0e5259dec75"
  
  doctrine@1.5.0:
    version "1.5.0"
    resolved "http://pyfarm-registry.local:4873/doctrine/-/doctrine-1.5.0.tgz#379dce730f6166f76cefa4e6707a159b02c5a6fa"
    dependencies:
      esutils "^2.0.2"
      isarray "^1.0.0"
  
  doctrine@^2.0.0:
    version "2.0.0"
    resolved "http://pyfarm-registry.local:4873/doctrine/-/doctrine-2.0.0.tgz#c73d8d2909d22291e1a007a395804da8b665fe63"
    dependencies:
      esutils "^2.0.2"
      isarray "^1.0.0"
  
  dtrace-provider@^0.8.1, dtrace-provider@~0.8:
    version "0.8.5"
    resolved "http://pyfarm-registry.local:4873/dtrace-provider/-/dtrace-provider-0.8.5.tgz#98ebba221afac46e1c39fd36858d8f9367524b92"
    dependencies:
      nan "^2.3.3"
  
  ecc-jsbn@~0.1.1:
    version "0.1.1"
    resolved "http://pyfarm-registry.local:4873/ecc-jsbn/-/ecc-jsbn-0.1.1.tgz#0fc73a9ed5f0d53c38193398523ef7e543777505"
    dependencies:
      jsbn "~0.1.0"
  
  end-of-stream@^1.0.0, end-of-stream@^1.1.0:
    version "1.4.0"
    resolved "http://pyfarm-registry.local:4873/end-of-stream/-/end-of-stream-1.4.0.tgz#7a90d833efda6cfa6eac0f4949dbb0fad3a63206"
    dependencies:
      once "^1.4.0"
  
  errno@~0.1.1:
    version "0.1.4"
    resolved "http://pyfarm-registry.local:4873/errno/-/errno-0.1.4.tgz#b896e23a9e5e8ba33871fc996abd3635fc9a1c7d"
    dependencies:
      prr "~0.0.0"
  
  error-ex@^1.2.0:
    version "1.3.1"
    resolved "http://pyfarm-registry.local:4873/error-ex/-/error-ex-1.3.1.tgz#f855a86ce61adc4e8621c3cda21e7a7612c3a8dc"
    dependencies:
      is-arrayish "^0.2.1"
  
  escape-regexp-component@^1.0.2:
    version "1.0.2"
    resolved "http://pyfarm-registry.local:4873/escape-regexp-component/-/escape-regexp-component-1.0.2.tgz#9c63b6d0b25ff2a88c3adbd18c5b61acc3b9faa2"
  
  escape-string-regexp@1.0.5, escape-string-regexp@^1.0.2, escape-string-regexp@^1.0.5:
    version "1.0.5"
    resolved "http://pyfarm-registry.local:4873/escape-string-regexp/-/escape-string-regexp-1.0.5.tgz#1b61c0562190a8dff6ae3bb2cf0200ca130b86d4"
  
  eslint-config-airbnb-base@^12.0.2:
    version "12.0.2"
    resolved "http://pyfarm-registry.local:4873/eslint-config-airbnb-base/-/eslint-config-airbnb-base-12.0.2.tgz#45fea317d71b8f1da323c730f3a8471988757793"
    dependencies:
      eslint-restricted-globals "^0.1.1"
  
  eslint-import-resolver-node@^0.3.1:
    version "0.3.1"
    resolved "http://pyfarm-registry.local:4873/eslint-import-resolver-node/-/eslint-import-resolver-node-0.3.1.tgz#4422574cde66a9a7b099938ee4d508a199e0e3cc"
    dependencies:
      debug "^2.6.8"
      resolve "^1.2.0"
  
  eslint-module-utils@^2.1.1:
    version "2.1.1"
    resolved "http://pyfarm-registry.local:4873/eslint-module-utils/-/eslint-module-utils-2.1.1.tgz#abaec824177613b8a95b299639e1b6facf473449"
    dependencies:
      debug "^2.6.8"
      pkg-dir "^1.0.0"
  
  eslint-plugin-import@^2.7.0:
    version "2.7.0"
    resolved "http://pyfarm-registry.local:4873/eslint-plugin-import/-/eslint-plugin-import-2.7.0.tgz#21de33380b9efb55f5ef6d2e210ec0e07e7fa69f"
    dependencies:
      builtin-modules "^1.1.1"
      contains-path "^0.1.0"
      debug "^2.6.8"
      doctrine "1.5.0"
      eslint-import-resolver-node "^0.3.1"
      eslint-module-utils "^2.1.1"
      has "^1.0.1"
      lodash.cond "^4.3.0"
      minimatch "^3.0.3"
      read-pkg-up "^2.0.0"
  
  eslint-restricted-globals@^0.1.1:
    version "0.1.1"
    resolved "http://pyfarm-registry.local:4873/eslint-restricted-globals/-/eslint-restricted-globals-0.1.1.tgz#35f0d5cbc64c2e3ed62e93b4b1a7af05ba7ed4d7"
  
  eslint-scope@^3.7.1:
    version "3.7.1"
    resolved "http://pyfarm-registry.local:4873/eslint-scope/-/eslint-scope-3.7.1.tgz#3d63c3edfda02e06e01a452ad88caacc7cdcb6e8"
    dependencies:
      esrecurse "^4.1.0"
      estraverse "^4.1.1"
  
  eslint@^4.8.0:
    version "4.8.0"
    resolved "http://pyfarm-registry.local:4873/eslint/-/eslint-4.8.0.tgz#229ef0e354e0e61d837c7a80fdfba825e199815e"
    dependencies:
      ajv "^5.2.0"
      babel-code-frame "^6.22.0"
      chalk "^2.1.0"
      concat-stream "^1.6.0"
      cross-spawn "^5.1.0"
      debug "^3.0.1"
      doctrine "^2.0.0"
      eslint-scope "^3.7.1"
      espree "^3.5.1"
      esquery "^1.0.0"
      estraverse "^4.2.0"
      esutils "^2.0.2"
      file-entry-cache "^2.0.0"
      functional-red-black-tree "^1.0.1"
      glob "^7.1.2"
      globals "^9.17.0"
      ignore "^3.3.3"
      imurmurhash "^0.1.4"
      inquirer "^3.0.6"
      is-resolvable "^1.0.0"
      js-yaml "^3.9.1"
      json-stable-stringify "^1.0.1"
      levn "^0.3.0"
      lodash "^4.17.4"
      minimatch "^3.0.2"
      mkdirp "^0.5.1"
      natural-compare "^1.4.0"
      optionator "^0.8.2"
      path-is-inside "^1.0.2"
      pluralize "^7.0.0"
      progress "^2.0.0"
      require-uncached "^1.0.3"
      semver "^5.3.0"
      strip-ansi "^4.0.0"
      strip-json-comments "~2.0.1"
      table "^4.0.1"
      text-table "~0.2.0"
  
  espree@^3.5.1:
    version "3.5.1"
    resolved "http://pyfarm-registry.local:4873/espree/-/espree-3.5.1.tgz#0c988b8ab46db53100a1954ae4ba995ddd27d87e"
    dependencies:
      acorn "^5.1.1"
      acorn-jsx "^3.0.0"
  
  esprima@^4.0.0:
    version "4.0.0"
    resolved "http://pyfarm-registry.local:4873/esprima/-/esprima-4.0.0.tgz#4499eddcd1110e0b218bacf2fa7f7f59f55ca804"
  
  esquery@^1.0.0:
    version "1.0.0"
    resolved "http://pyfarm-registry.local:4873/esquery/-/esquery-1.0.0.tgz#cfba8b57d7fba93f17298a8a006a04cda13d80fa"
    dependencies:
      estraverse "^4.0.0"
  
  esrecurse@^4.1.0:
    version "4.2.0"
    resolved "http://pyfarm-registry.local:4873/esrecurse/-/esrecurse-4.2.0.tgz#fa9568d98d3823f9a41d91e902dcab9ea6e5b163"
    dependencies:
      estraverse "^4.1.0"
      object-assign "^4.0.1"
  
  estraverse@^4.0.0, estraverse@^4.1.0, estraverse@^4.1.1, estraverse@^4.2.0:
    version "4.2.0"
    resolved "http://pyfarm-registry.local:4873/estraverse/-/estraverse-4.2.0.tgz#0dee3fed31fcd469618ce7342099fc1afa0bdb13"
  
  esutils@^2.0.2:
    version "2.0.2"
    resolved "http://pyfarm-registry.local:4873/esutils/-/esutils-2.0.2.tgz#0abf4f1caa5bcb1f7a9d8acc6dea4faaa04bac9b"
  
  ewma@^2.0.1:
    version "2.0.1"
    resolved "http://pyfarm-registry.local:4873/ewma/-/ewma-2.0.1.tgz#9876c1c491ac5733c8666001a3961a04c97cf1e8"
    dependencies:
      assert-plus "^1.0.0"
  
  expand-brackets@^0.1.4:
    version "0.1.5"
    resolved "http://pyfarm-registry.local:4873/expand-brackets/-/expand-brackets-0.1.5.tgz#df07284e342a807cd733ac5af72411e581d1177b"
    dependencies:
      is-posix-bracket "^0.1.0"
  
  expand-range@^1.8.1:
    version "1.8.2"
    resolved "http://pyfarm-registry.local:4873/expand-range/-/expand-range-1.8.2.tgz#a299effd335fe2721ebae8e257ec79644fc85337"
    dependencies:
      fill-range "^2.1.0"
  
  expand-template@^1.0.2:
    version "1.1.0"
    resolved "http://pyfarm-registry.local:4873/expand-template/-/expand-template-1.1.0.tgz#e09efba977bf98f9ee0ed25abd0c692e02aec3fc"
  
  extend@~3.0.0:
    version "3.0.1"
    resolved "http://pyfarm-registry.local:4873/extend/-/extend-3.0.1.tgz#a755ea7bc1adfcc5a31ce7e762dbaadc5e636444"
  
  external-editor@^2.0.4:
    version "2.0.5"
    resolved "http://pyfarm-registry.local:4873/external-editor/-/external-editor-2.0.5.tgz#52c249a3981b9ba187c7cacf5beb50bf1d91a6bc"
    dependencies:
      iconv-lite "^0.4.17"
      jschardet "^1.4.2"
      tmp "^0.0.33"
  
  extglob@^0.3.1:
    version "0.3.2"
    resolved "http://pyfarm-registry.local:4873/extglob/-/extglob-0.3.2.tgz#2e18ff3d2f49ab2765cec9023f011daa8d8349a1"
    dependencies:
      is-extglob "^1.0.0"
  
  extsprintf@1.2.0:
    version "1.2.0"
    resolved "http://pyfarm-registry.local:4873/extsprintf/-/extsprintf-1.2.0.tgz#5ad946c22f5b32ba7f8cd7426711c6e8a3fc2529"
  
  extsprintf@1.3.0, extsprintf@^1.2.0:
    version "1.3.0"
    resolved "http://pyfarm-registry.local:4873/extsprintf/-/extsprintf-1.3.0.tgz#96918440e3041a7a414f8c52e3c574eb3c3e1e05"
  
  fast-deep-equal@^1.0.0:
    version "1.0.0"
    resolved "http://pyfarm-registry.local:4873/fast-deep-equal/-/fast-deep-equal-1.0.0.tgz#96256a3bc975595eb36d82e9929d060d893439ff"
  
  fast-future@~1.0.2:
    version "1.0.2"
    resolved "http://pyfarm-registry.local:4873/fast-future/-/fast-future-1.0.2.tgz#8435a9aaa02d79248d17d704e76259301d99280a"
  
  fast-levenshtein@~2.0.4:
    version "2.0.6"
    resolved "http://pyfarm-registry.local:4873/fast-levenshtein/-/fast-levenshtein-2.0.6.tgz#3d8a5c66883a16a30ca8643e851f19baa7797917"
  
  figures@^2.0.0:
    version "2.0.0"
    resolved "http://pyfarm-registry.local:4873/figures/-/figures-2.0.0.tgz#3ab1a2d2a62c8bfb431a0c94cb797a2fce27c962"
    dependencies:
      escape-string-regexp "^1.0.5"
  
  file-entry-cache@^2.0.0:
    version "2.0.0"
    resolved "http://pyfarm-registry.local:4873/file-entry-cache/-/file-entry-cache-2.0.0.tgz#c392990c3e684783d838b8c84a45d8a048458361"
    dependencies:
      flat-cache "^1.2.1"
      object-assign "^4.0.1"
  
  filename-regex@^2.0.0:
    version "2.0.1"
    resolved "http://pyfarm-registry.local:4873/filename-regex/-/filename-regex-2.0.1.tgz#c1c4b9bee3e09725ddb106b75c1e301fe2f18b26"
  
  fill-range@^2.1.0:
    version "2.2.3"
    resolved "http://pyfarm-registry.local:4873/fill-range/-/fill-range-2.2.3.tgz#50b77dfd7e469bc7492470963699fe7a8485a723"
    dependencies:
      is-number "^2.1.0"
      isobject "^2.0.0"
      randomatic "^1.1.3"
      repeat-element "^1.1.2"
      repeat-string "^1.5.2"
  
  find-up@^1.0.0:
    version "1.1.2"
    resolved "http://pyfarm-registry.local:4873/find-up/-/find-up-1.1.2.tgz#6b2e9822b1a2ce0a60ab64d610eccad53cb24d0f"
    dependencies:
      path-exists "^2.0.0"
      pinkie-promise "^2.0.0"
  
  find-up@^2.0.0:
    version "2.1.0"
    resolved "http://pyfarm-registry.local:4873/find-up/-/find-up-2.1.0.tgz#45d1b7e506c717ddd482775a2b77920a3c0c57a7"
    dependencies:
      locate-path "^2.0.0"
  
  flat-cache@^1.2.1:
    version "1.3.0"
    resolved "http://pyfarm-registry.local:4873/flat-cache/-/flat-cache-1.3.0.tgz#d3030b32b38154f4e3b7e9c709f490f7ef97c481"
    dependencies:
      circular-json "^0.3.1"
      del "^2.0.2"
      graceful-fs "^4.1.2"
      write "^0.2.1"
  
  for-in@^1.0.1:
    version "1.0.2"
    resolved "http://pyfarm-registry.local:4873/for-in/-/for-in-1.0.2.tgz#81068d295a8142ec0ac726c6e2200c30fb6d5e80"
  
  for-own@^0.1.4:
    version "0.1.5"
    resolved "http://pyfarm-registry.local:4873/for-own/-/for-own-0.1.5.tgz#5265c681a4f294dabbf17c9509b6763aa84510ce"
    dependencies:
      for-in "^1.0.1"
  
  forever-agent@~0.6.1:
    version "0.6.1"
    resolved "http://pyfarm-registry.local:4873/forever-agent/-/forever-agent-0.6.1.tgz#fbc71f0c41adeb37f96c577ad1ed42d8fdacca91"
  
  form-data@~2.1.1:
    version "2.1.4"
    resolved "http://pyfarm-registry.local:4873/form-data/-/form-data-2.1.4.tgz#33c183acf193276ecaa98143a69e94bfee1750d1"
    dependencies:
      asynckit "^0.4.0"
      combined-stream "^1.0.5"
      mime-types "^2.1.12"
  
  formidable@^1.0.17:
    version "1.1.1"
    resolved "http://pyfarm-registry.local:4873/formidable/-/formidable-1.1.1.tgz#96b8886f7c3c3508b932d6bd70c4d3a88f35f1a9"
  
  fs-readdir-recursive@^1.0.0:
    version "1.0.0"
    resolved "http://pyfarm-registry.local:4873/fs-readdir-recursive/-/fs-readdir-recursive-1.0.0.tgz#8cd1745c8b4f8a29c8caec392476921ba195f560"
  
  fs.realpath@^1.0.0:
    version "1.0.0"
    resolved "http://pyfarm-registry.local:4873/fs.realpath/-/fs.realpath-1.0.0.tgz#1504ad2523158caa40db4a2787cb01411994ea4f"
  
  fsevents@^1.0.0:
    version "1.1.2"
    resolved "http://pyfarm-registry.local:4873/fsevents/-/fsevents-1.1.2.tgz#3282b713fb3ad80ede0e9fcf4611b5aa6fc033f4"
    dependencies:
      nan "^2.3.0"
      node-pre-gyp "^0.6.36"
  
  fstream-ignore@^1.0.5:
    version "1.0.5"
    resolved "http://pyfarm-registry.local:4873/fstream-ignore/-/fstream-ignore-1.0.5.tgz#9c31dae34767018fe1d249b24dada67d092da105"
    dependencies:
      fstream "^1.0.0"
      inherits "2"
      minimatch "^3.0.0"
  
  fstream@^1.0.0, fstream@^1.0.10, fstream@^1.0.2:
    version "1.0.11"
    resolved "http://pyfarm-registry.local:4873/fstream/-/fstream-1.0.11.tgz#5c1fb1f117477114f0632a0eb4b71b3cb0fd3171"
    dependencies:
      graceful-fs "^4.1.2"
      inherits "~2.0.0"
      mkdirp ">=0.5 0"
      rimraf "2"
  
  function-bind@^1.0.2:
    version "1.1.1"
    resolved "http://pyfarm-registry.local:4873/function-bind/-/function-bind-1.1.1.tgz#a56899d3ea3c9bab874bb9773b7c5ede92f4895d"
  
  functional-red-black-tree@^1.0.1:
    version "1.0.1"
    resolved "http://pyfarm-registry.local:4873/functional-red-black-tree/-/functional-red-black-tree-1.0.1.tgz#1b0ab3bd553b2a0d6399d29c0e3ea0b252078327"
  
  gauge@~2.7.3:
    version "2.7.4"
    resolved "http://pyfarm-registry.local:4873/gauge/-/gauge-2.7.4.tgz#2c03405c7538c39d7eb37b317022e325fb018bf7"
    dependencies:
      aproba "^1.0.3"
      console-control-strings "^1.0.0"
      has-unicode "^2.0.0"
      object-assign "^4.1.0"
      signal-exit "^3.0.0"
      string-width "^1.0.1"
      strip-ansi "^3.0.1"
      wide-align "^1.1.0"
  
  get-func-name@^2.0.0:
    version "2.0.0"
    resolved "http://pyfarm-registry.local:4873/get-func-name/-/get-func-name-2.0.0.tgz#ead774abee72e20409433a066366023dd6887a41"
  
  getpass@^0.1.1:
    version "0.1.7"
    resolved "http://pyfarm-registry.local:4873/getpass/-/getpass-0.1.7.tgz#5eff8e3e684d569ae4cb2b1282604e8ba62149fa"
    dependencies:
      assert-plus "^1.0.0"
  
  github-from-package@0.0.0:
    version "0.0.0"
    resolved "http://pyfarm-registry.local:4873/github-from-package/-/github-from-package-0.0.0.tgz#97fb5d96bfde8973313f20e8288ef9a167fa64ce"
  
  glob-base@^0.3.0:
    version "0.3.0"
    resolved "http://pyfarm-registry.local:4873/glob-base/-/glob-base-0.3.0.tgz#dbb164f6221b1c0b1ccf82aea328b497df0ea3c4"
    dependencies:
      glob-parent "^2.0.0"
      is-glob "^2.0.0"
  
  glob-parent@^2.0.0:
    version "2.0.0"
    resolved "http://pyfarm-registry.local:4873/glob-parent/-/glob-parent-2.0.0.tgz#81383d72db054fcccf5336daa902f182f6edbb28"
    dependencies:
      is-glob "^2.0.0"
  
  glob@7.1.2, glob@^7.0.3, glob@^7.0.5, glob@^7.1.2:
    version "7.1.2"
    resolved "http://pyfarm-registry.local:4873/glob/-/glob-7.1.2.tgz#c19c9df9a028702d678612384a6552404c636d15"
    dependencies:
      fs.realpath "^1.0.0"
      inflight "^1.0.4"
      inherits "2"
      minimatch "^3.0.4"
      once "^1.3.0"
      path-is-absolute "^1.0.0"
  
  glob@^6.0.1:
    version "6.0.4"
    resolved "http://pyfarm-registry.local:4873/glob/-/glob-6.0.4.tgz#0f08860f6a155127b2fadd4f9ce24b1aab6e4d22"
    dependencies:
      inflight "^1.0.4"
      inherits "2"
      minimatch "2 || 3"
      once "^1.3.0"
      path-is-absolute "^1.0.0"
  
  globals@^9.17.0, globals@^9.18.0:
    version "9.18.0"
    resolved "http://pyfarm-registry.local:4873/globals/-/globals-9.18.0.tgz#aa3896b3e69b487f17e31ed2143d69a8e30c2d8a"
  
  globby@^5.0.0:
    version "5.0.0"
    resolved "http://pyfarm-registry.local:4873/globby/-/globby-5.0.0.tgz#ebd84667ca0dbb330b99bcfc68eac2bc54370e0d"
    dependencies:
      array-union "^1.0.1"
      arrify "^1.0.0"
      glob "^7.0.3"
      object-assign "^4.0.1"
      pify "^2.0.0"
      pinkie-promise "^2.0.0"
  
  graceful-fs@^4.1.2, graceful-fs@^4.1.4:
    version "4.1.11"
    resolved "http://pyfarm-registry.local:4873/graceful-fs/-/graceful-fs-4.1.11.tgz#0e8bdfe4d1ddb8854d64e04ea7c00e2a026e5658"
  
  growl@1.10.3:
    version "1.10.3"
    resolved "http://pyfarm-registry.local:4873/growl/-/growl-1.10.3.tgz#1926ba90cf3edfe2adb4927f5880bc22c66c790f"
  
  handle-thing@^1.2.5:
    version "1.2.5"
    resolved "http://pyfarm-registry.local:4873/handle-thing/-/handle-thing-1.2.5.tgz#fd7aad726bf1a5fd16dfc29b2f7a6601d27139c4"
  
  har-schema@^1.0.5:
    version "1.0.5"
    resolved "http://pyfarm-registry.local:4873/har-schema/-/har-schema-1.0.5.tgz#d263135f43307c02c602afc8fe95970c0151369e"
  
  har-validator@~4.2.1:
    version "4.2.1"
    resolved "http://pyfarm-registry.local:4873/har-validator/-/har-validator-4.2.1.tgz#33481d0f1bbff600dd203d75812a6a5fba002e2a"
    dependencies:
      ajv "^4.9.1"
      har-schema "^1.0.5"
  
  has-ansi@^2.0.0:
    version "2.0.0"
    resolved "http://pyfarm-registry.local:4873/has-ansi/-/has-ansi-2.0.0.tgz#34f5049ce1ecdf2b0649af3ef24e45ed35416d91"
    dependencies:
      ansi-regex "^2.0.0"
  
  has-flag@^2.0.0:
    version "2.0.0"
    resolved "http://pyfarm-registry.local:4873/has-flag/-/has-flag-2.0.0.tgz#e8207af1cc7b30d446cc70b734b5e8be18f88d51"
  
  has-unicode@^2.0.0:
    version "2.0.1"
    resolved "http://pyfarm-registry.local:4873/has-unicode/-/has-unicode-2.0.1.tgz#e0e6fe6a28cf51138855e086d1691e771de2a8b9"
  
  has@^1.0.1:
    version "1.0.1"
    resolved "http://pyfarm-registry.local:4873/has/-/has-1.0.1.tgz#8461733f538b0837c9361e39a9ab9e9704dc2f28"
    dependencies:
      function-bind "^1.0.2"
  
  hawk@3.1.3, hawk@~3.1.3:
    version "3.1.3"
    resolved "http://pyfarm-registry.local:4873/hawk/-/hawk-3.1.3.tgz#078444bd7c1640b0fe540d2c9b73d59678e8e1c4"
    dependencies:
      boom "2.x.x"
      cryptiles "2.x.x"
      hoek "2.x.x"
      sntp "1.x.x"
  
  he@1.1.1:
    version "1.1.1"
    resolved "http://pyfarm-registry.local:4873/he/-/he-1.1.1.tgz#93410fd21b009735151f8868c2f271f3427e23fd"
  
  hoek@2.x.x:
    version "2.16.3"
    resolved "http://pyfarm-registry.local:4873/hoek/-/hoek-2.16.3.tgz#20bb7403d3cea398e91dc4710a8ff1b8274a25ed"
  
  home-or-tmp@^2.0.0:
    version "2.0.0"
    resolved "http://pyfarm-registry.local:4873/home-or-tmp/-/home-or-tmp-2.0.0.tgz#e36c3f2d2cae7d746a857e38d18d5f32a7882db8"
    dependencies:
      os-homedir "^1.0.0"
      os-tmpdir "^1.0.1"
  
  hosted-git-info@^2.1.4:
    version "2.5.0"
    resolved "http://pyfarm-registry.local:4873/hosted-git-info/-/hosted-git-info-2.5.0.tgz#6d60e34b3abbc8313062c3b798ef8d901a07af3c"
  
  hpack.js@^2.1.6:
    version "2.1.6"
    resolved "http://pyfarm-registry.local:4873/hpack.js/-/hpack.js-2.1.6.tgz#87774c0949e513f42e84575b3c45681fade2a0b2"
    dependencies:
      inherits "^2.0.1"
      obuf "^1.0.0"
      readable-stream "^2.0.1"
      wbuf "^1.1.0"
  
  http-deceiver@^1.2.7:
    version "1.2.7"
    resolved "http://pyfarm-registry.local:4873/http-deceiver/-/http-deceiver-1.2.7.tgz#fa7168944ab9a519d337cb0bec7284dc3e723d87"
  
  http-signature@^1.0.0:
    version "1.2.0"
    resolved "http://pyfarm-registry.local:4873/http-signature/-/http-signature-1.2.0.tgz#9aecd925114772f3d95b65a60abb8f7c18fbace1"
    dependencies:
      assert-plus "^1.0.0"
      jsprim "^1.2.2"
      sshpk "^1.7.0"
  
  http-signature@~1.1.0:
    version "1.1.1"
    resolved "http://pyfarm-registry.local:4873/http-signature/-/http-signature-1.1.1.tgz#df72e267066cd0ac67fb76adf8e134a8fbcf91bf"
    dependencies:
      assert-plus "^0.2.0"
      jsprim "^1.2.2"
      sshpk "^1.7.0"
  
  iconv-lite@^0.4.17:
    version "0.4.19"
    resolved "http://pyfarm-registry.local:4873/iconv-lite/-/iconv-lite-0.4.19.tgz#f7468f60135f5e5dad3399c0a81be9a1603a082b"
  
  ignore@^3.3.3:
    version "3.3.5"
    resolved "http://pyfarm-registry.local:4873/ignore/-/ignore-3.3.5.tgz#c4e715455f6073a8d7e5dae72d2fc9d71663dba6"
  
  imurmurhash@^0.1.4:
    version "0.1.4"
    resolved "http://pyfarm-registry.local:4873/imurmurhash/-/imurmurhash-0.1.4.tgz#9218b9b2b928a238b13dc4fb6b6d576f231453ea"
  
  inflight@^1.0.4:
    version "1.0.6"
    resolved "http://pyfarm-registry.local:4873/inflight/-/inflight-1.0.6.tgz#49bd6331d7d02d0c09bc910a1075ba8165b56df9"
    dependencies:
      once "^1.3.0"
      wrappy "1"
  
  inherits@2, inherits@^2.0.1, inherits@^2.0.3, inherits@~2.0.0, inherits@~2.0.1, inherits@~2.0.3:
    version "2.0.3"
    resolved "http://pyfarm-registry.local:4873/inherits/-/inherits-2.0.3.tgz#633c2c83e3da42a502f52466022480f4208261de"
  
  ini@~1.3.0:
    version "1.3.4"
    resolved "http://pyfarm-registry.local:4873/ini/-/ini-1.3.4.tgz#0537cb79daf59b59a1a517dff706c86ec039162e"
  
  inquirer@^3.0.6:
    version "3.3.0"
    resolved "http://pyfarm-registry.local:4873/inquirer/-/inquirer-3.3.0.tgz#9dd2f2ad765dcab1ff0443b491442a20ba227dc9"
    dependencies:
      ansi-escapes "^3.0.0"
      chalk "^2.0.0"
      cli-cursor "^2.1.0"
      cli-width "^2.0.0"
      external-editor "^2.0.4"
      figures "^2.0.0"
      lodash "^4.3.0"
      mute-stream "0.0.7"
      run-async "^2.2.0"
      rx-lite "^4.0.8"
      rx-lite-aggregates "^4.0.8"
      string-width "^2.1.0"
      strip-ansi "^4.0.0"
      through "^2.3.6"
  
  invariant@^2.2.2:
    version "2.2.2"
    resolved "http://pyfarm-registry.local:4873/invariant/-/invariant-2.2.2.tgz#9e1f56ac0acdb6bf303306f338be3b204ae60360"
    dependencies:
      loose-envify "^1.0.0"
  
  is-arrayish@^0.2.1:
    version "0.2.1"
    resolved "http://pyfarm-registry.local:4873/is-arrayish/-/is-arrayish-0.2.1.tgz#77c99840527aa8ecb1a8ba697b80645a7a926a9d"
  
  is-binary-path@^1.0.0:
    version "1.0.1"
    resolved "http://pyfarm-registry.local:4873/is-binary-path/-/is-binary-path-1.0.1.tgz#75f16642b480f187a711c814161fd3a4a7655898"
    dependencies:
      binary-extensions "^1.0.0"
  
  is-buffer@^1.1.5:
    version "1.1.5"
    resolved "http://pyfarm-registry.local:4873/is-buffer/-/is-buffer-1.1.5.tgz#1f3b26ef613b214b88cbca23cc6c01d87961eecc"
  
  is-builtin-module@^1.0.0:
    version "1.0.0"
    resolved "http://pyfarm-registry.local:4873/is-builtin-module/-/is-builtin-module-1.0.0.tgz#540572d34f7ac3119f8f76c30cbc1b1e037affbe"
    dependencies:
      builtin-modules "^1.0.0"
  
  is-dotfile@^1.0.0:
    version "1.0.3"
    resolved "http://pyfarm-registry.local:4873/is-dotfile/-/is-dotfile-1.0.3.tgz#a6a2f32ffd2dfb04f5ca25ecd0f6b83cf798a1e1"
  
  is-equal-shallow@^0.1.3:
    version "0.1.3"
    resolved "http://pyfarm-registry.local:4873/is-equal-shallow/-/is-equal-shallow-0.1.3.tgz#2238098fc221de0bcfa5d9eac4c45d638aa1c534"
    dependencies:
      is-primitive "^2.0.0"
  
  is-extendable@^0.1.1:
    version "0.1.1"
    resolved "http://pyfarm-registry.local:4873/is-extendable/-/is-extendable-0.1.1.tgz#62b110e289a471418e3ec36a617d472e301dfc89"
  
  is-extglob@^1.0.0:
    version "1.0.0"
    resolved "http://pyfarm-registry.local:4873/is-extglob/-/is-extglob-1.0.0.tgz#ac468177c4943405a092fc8f29760c6ffc6206c0"
  
  is-finite@^1.0.0:
    version "1.0.2"
    resolved "http://pyfarm-registry.local:4873/is-finite/-/is-finite-1.0.2.tgz#cc6677695602be550ef11e8b4aa6305342b6d0aa"
    dependencies:
      number-is-nan "^1.0.0"
  
  is-fullwidth-code-point@^1.0.0:
    version "1.0.0"
    resolved "http://pyfarm-registry.local:4873/is-fullwidth-code-point/-/is-fullwidth-code-point-1.0.0.tgz#ef9e31386f031a7f0d643af82fde50c457ef00cb"
    dependencies:
      number-is-nan "^1.0.0"
  
  is-fullwidth-code-point@^2.0.0:
    version "2.0.0"
    resolved "http://pyfarm-registry.local:4873/is-fullwidth-code-point/-/is-fullwidth-code-point-2.0.0.tgz#a3b30a5c4f199183167aaab93beefae3ddfb654f"
  
  is-glob@^2.0.0, is-glob@^2.0.1:
    version "2.0.1"
    resolved "http://pyfarm-registry.local:4873/is-glob/-/is-glob-2.0.1.tgz#d096f926a3ded5600f3fdfd91198cb0888c2d863"
    dependencies:
      is-extglob "^1.0.0"
  
  is-number@^2.1.0:
    version "2.1.0"
    resolved "http://pyfarm-registry.local:4873/is-number/-/is-number-2.1.0.tgz#01fcbbb393463a548f2f466cce16dece49db908f"
    dependencies:
      kind-of "^3.0.2"
  
  is-number@^3.0.0:
    version "3.0.0"
    resolved "http://pyfarm-registry.local:4873/is-number/-/is-number-3.0.0.tgz#24fd6201a4782cf50561c810276afc7d12d71195"
    dependencies:
      kind-of "^3.0.2"
  
  is-path-cwd@^1.0.0:
    version "1.0.0"
    resolved "http://pyfarm-registry.local:4873/is-path-cwd/-/is-path-cwd-1.0.0.tgz#d225ec23132e89edd38fda767472e62e65f1106d"
  
  is-path-in-cwd@^1.0.0:
    version "1.0.0"
    resolved "http://pyfarm-registry.local:4873/is-path-in-cwd/-/is-path-in-cwd-1.0.0.tgz#6477582b8214d602346094567003be8a9eac04dc"
    dependencies:
      is-path-inside "^1.0.0"
  
  is-path-inside@^1.0.0:
    version "1.0.0"
    resolved "http://pyfarm-registry.local:4873/is-path-inside/-/is-path-inside-1.0.0.tgz#fc06e5a1683fbda13de667aff717bbc10a48f37f"
    dependencies:
      path-is-inside "^1.0.1"
  
  is-posix-bracket@^0.1.0:
    version "0.1.1"
    resolved "http://pyfarm-registry.local:4873/is-posix-bracket/-/is-posix-bracket-0.1.1.tgz#3334dc79774368e92f016e6fbc0a88f5cd6e6bc4"
  
  is-primitive@^2.0.0:
    version "2.0.0"
    resolved "http://pyfarm-registry.local:4873/is-primitive/-/is-primitive-2.0.0.tgz#207bab91638499c07b2adf240a41a87210034575"
  
  is-promise@^2.1.0:
    version "2.1.0"
    resolved "http://pyfarm-registry.local:4873/is-promise/-/is-promise-2.1.0.tgz#79a2a9ece7f096e80f36d2b2f3bc16c1ff4bf3fa"
  
  is-regexp@^1.0.0:
    version "1.0.0"
    resolved "http://pyfarm-registry.local:4873/is-regexp/-/is-regexp-1.0.0.tgz#fd2d883545c46bac5a633e7b9a09e87fa2cb5069"
  
  is-resolvable@^1.0.0:
    version "1.0.0"
    resolved "http://pyfarm-registry.local:4873/is-resolvable/-/is-resolvable-1.0.0.tgz#8df57c61ea2e3c501408d100fb013cf8d6e0cc62"
    dependencies:
      tryit "^1.0.1"
  
  is-supported-regexp-flag@^1.0.0:
    version "1.0.0"
    resolved "http://pyfarm-registry.local:4873/is-supported-regexp-flag/-/is-supported-regexp-flag-1.0.0.tgz#8b520c85fae7a253382d4b02652e045576e13bb8"
  
  is-typedarray@~1.0.0:
    version "1.0.0"
    resolved "http://pyfarm-registry.local:4873/is-typedarray/-/is-typedarray-1.0.0.tgz#e479c80858df0c1b11ddda6940f96011fcda4a9a"
  
  isarray@0.0.1:
    version "0.0.1"
    resolved "http://pyfarm-registry.local:4873/isarray/-/isarray-0.0.1.tgz#8a18acfca9a8f4177e09abfc6038939b05d1eedf"
  
  isarray@1.0.0, isarray@^1.0.0, isarray@~1.0.0:
    version "1.0.0"
    resolved "http://pyfarm-registry.local:4873/isarray/-/isarray-1.0.0.tgz#bb935d48582cba168c06834957a54a3e07124f11"
  
  isexe@^2.0.0:
    version "2.0.0"
    resolved "http://pyfarm-registry.local:4873/isexe/-/isexe-2.0.0.tgz#e8fbf374dc556ff8947a10dcb0572d633f2cfa10"
  
  isobject@^2.0.0:
    version "2.1.0"
    resolved "http://pyfarm-registry.local:4873/isobject/-/isobject-2.1.0.tgz#f065561096a3f1da2ef46272f815c840d87e0c89"
    dependencies:
      isarray "1.0.0"
  
  isstream@~0.1.2:
    version "0.1.2"
    resolved "http://pyfarm-registry.local:4873/isstream/-/isstream-0.1.2.tgz#47e63f7af55afa6f92e1500e690eb8b8529c099a"
  
  js-tokens@^3.0.0, js-tokens@^3.0.2:
    version "3.0.2"
    resolved "http://pyfarm-registry.local:4873/js-tokens/-/js-tokens-3.0.2.tgz#9866df395102130e38f7f996bceb65443209c25b"
  
  js-yaml@^3.9.1:
    version "3.10.0"
    resolved "http://pyfarm-registry.local:4873/js-yaml/-/js-yaml-3.10.0.tgz#2e78441646bd4682e963f22b6e92823c309c62dc"
    dependencies:
      argparse "^1.0.7"
      esprima "^4.0.0"
  
  jsbn@~0.1.0:
    version "0.1.1"
    resolved "http://pyfarm-registry.local:4873/jsbn/-/jsbn-0.1.1.tgz#a5e654c2e5a2deb5f201d96cefbca80c0ef2f513"
  
  jschardet@^1.4.2:
    version "1.5.1"
    resolved "http://pyfarm-registry.local:4873/jschardet/-/jschardet-1.5.1.tgz#c519f629f86b3a5bedba58a88d311309eec097f9"
  
  jsesc@^1.3.0:
    version "1.3.0"
    resolved "http://pyfarm-registry.local:4873/jsesc/-/jsesc-1.3.0.tgz#46c3fec8c1892b12b0833db9bc7622176dbab34b"
  
  json-schema-traverse@^0.3.0:
    version "0.3.1"
    resolved "http://pyfarm-registry.local:4873/json-schema-traverse/-/json-schema-traverse-0.3.1.tgz#349a6d44c53a51de89b40805c5d5e59b417d3340"
  
  json-schema@0.2.3:
    version "0.2.3"
    resolved "http://pyfarm-registry.local:4873/json-schema/-/json-schema-0.2.3.tgz#b480c892e59a2f05954ce727bd3f2a4e882f9e13"
  
  json-stable-stringify@^1.0.1:
    version "1.0.1"
    resolved "http://pyfarm-registry.local:4873/json-stable-stringify/-/json-stable-stringify-1.0.1.tgz#9a759d39c5f2ff503fd5300646ed445f88c4f9af"
    dependencies:
      jsonify "~0.0.0"
  
  json-stringify-safe@~5.0.1:
    version "5.0.1"
    resolved "http://pyfarm-registry.local:4873/json-stringify-safe/-/json-stringify-safe-5.0.1.tgz#1296a2d58fd45f19a0f6ce01d65701e2c735b6eb"
  
  json5@^0.5.1:
    version "0.5.1"
    resolved "http://pyfarm-registry.local:4873/json5/-/json5-0.5.1.tgz#1eade7acc012034ad84e2396767ead9fa5495821"
  
  jsonify@~0.0.0:
    version "0.0.0"
    resolved "http://pyfarm-registry.local:4873/jsonify/-/jsonify-0.0.0.tgz#2c74b6ee41d93ca51b7b5aaee8f503631d252a73"
  
  jsprim@^1.2.2:
    version "1.4.1"
    resolved "http://pyfarm-registry.local:4873/jsprim/-/jsprim-1.4.1.tgz#313e66bc1e5cc06e438bc1b7499c2e5c56acb6a2"
    dependencies:
      assert-plus "1.0.0"
      extsprintf "1.3.0"
      json-schema "0.2.3"
      verror "1.10.0"
  
  kind-of@^3.0.2:
    version "3.2.2"
    resolved "http://pyfarm-registry.local:4873/kind-of/-/kind-of-3.2.2.tgz#31ea21a734bab9bbb0f32466d893aea51e4a3c64"
    dependencies:
      is-buffer "^1.1.5"
  
  kind-of@^4.0.0:
    version "4.0.0"
    resolved "http://pyfarm-registry.local:4873/kind-of/-/kind-of-4.0.0.tgz#20813df3d712928b207378691a45066fae72dd57"
    dependencies:
      is-buffer "^1.1.5"
  
  level-codec@~7.0.0:
    version "7.0.1"
    resolved "http://pyfarm-registry.local:4873/level-codec/-/level-codec-7.0.1.tgz#341f22f907ce0f16763f24bddd681e395a0fb8a7"
  
  level-errors@^1.0.3:
    version "1.1.1"
    resolved "http://pyfarm-registry.local:4873/level-errors/-/level-errors-1.1.1.tgz#52fdc2dbbaf395cf767db843929a38b7015678d2"
    dependencies:
      errno "~0.1.1"
  
  level-errors@~1.0.3:
    version "1.0.5"
    resolved "http://pyfarm-registry.local:4873/level-errors/-/level-errors-1.0.5.tgz#83dbfb12f0b8a2516bdc9a31c4876038e227b859"
    dependencies:
      errno "~0.1.1"
  
  level-iterator-stream@~1.3.0:
    version "1.3.1"
    resolved "http://pyfarm-registry.local:4873/level-iterator-stream/-/level-iterator-stream-1.3.1.tgz#e43b78b1a8143e6fa97a4f485eb8ea530352f2ed"
    dependencies:
      inherits "^2.0.1"
      level-errors "^1.0.3"
      readable-stream "^1.0.33"
      xtend "^4.0.0"
  
  level-packager@~1.2.0:
    version "1.2.1"
    resolved "http://pyfarm-registry.local:4873/level-packager/-/level-packager-1.2.1.tgz#067fedfd072b7fe3c6bec6080c0cbd4a6b2e11f4"
    dependencies:
      levelup "~1.3.0"
  
  level@^1.7.0:
    version "1.7.0"
    resolved "http://pyfarm-registry.local:4873/level/-/level-1.7.0.tgz#43464a3a8ba73b2f3de56a24292805146da213a1"
    dependencies:
      level-packager "~1.2.0"
      leveldown "~1.7.0"
  
  leveldown@~1.7.0:
    version "1.7.2"
    resolved "http://pyfarm-registry.local:4873/leveldown/-/leveldown-1.7.2.tgz#5e3467bb27ee246a4a7b8dbd8fb2b16206a6eb8b"
    dependencies:
      abstract-leveldown "~2.6.1"
      bindings "~1.2.1"
      fast-future "~1.0.2"
      nan "~2.6.1"
      prebuild-install "^2.1.0"
  
  levelup@~1.3.0:
    version "1.3.9"
    resolved "http://pyfarm-registry.local:4873/levelup/-/levelup-1.3.9.tgz#2dbcae845b2bb2b6bea84df334c475533bbd82ab"
    dependencies:
      deferred-leveldown "~1.2.1"
      level-codec "~7.0.0"
      level-errors "~1.0.3"
      level-iterator-stream "~1.3.0"
      prr "~1.0.1"
      semver "~5.4.1"
      xtend "~4.0.0"
  
  levn@^0.3.0, levn@~0.3.0:
    version "0.3.0"
    resolved "http://pyfarm-registry.local:4873/levn/-/levn-0.3.0.tgz#3b09924edf9f083c0490fdd4c0bc4421e04764ee"
    dependencies:
      prelude-ls "~1.1.2"
      type-check "~0.3.2"
  
  load-json-file@^2.0.0:
    version "2.0.0"
    resolved "http://pyfarm-registry.local:4873/load-json-file/-/load-json-file-2.0.0.tgz#7947e42149af80d696cbf797bcaabcfe1fe29ca8"
    dependencies:
      graceful-fs "^4.1.2"
      parse-json "^2.2.0"
      pify "^2.0.0"
      strip-bom "^3.0.0"
  
  locate-path@^2.0.0:
    version "2.0.0"
    resolved "http://pyfarm-registry.local:4873/locate-path/-/locate-path-2.0.0.tgz#2b568b265eec944c6d9c0de9c3dbbbca0354cd8e"
    dependencies:
      p-locate "^2.0.0"
      path-exists "^3.0.0"
  
  lodash.cond@^4.3.0:
    version "4.5.2"
    resolved "http://pyfarm-registry.local:4873/lodash.cond/-/lodash.cond-4.5.2.tgz#f471a1da486be60f6ab955d17115523dd1d255d5"
  
  lodash.get@^4.0.0:
    version "4.4.2"
    resolved "http://pyfarm-registry.local:4873/lodash.get/-/lodash.get-4.4.2.tgz#2d177f652fa31e939b4438d5341499dfa3825e99"
  
  lodash@^4.17.4, lodash@^4.2.1, lodash@^4.3.0:
    version "4.17.4"
    resolved "http://pyfarm-registry.local:4873/lodash/-/lodash-4.17.4.tgz#78203a4d1c328ae1d86dca6460e369b57f4055ae"
  
  loose-envify@^1.0.0:
    version "1.3.1"
    resolved "http://pyfarm-registry.local:4873/loose-envify/-/loose-envify-1.3.1.tgz#d1a8ad33fa9ce0e713d65fdd0ac8b748d478c848"
    dependencies:
      js-tokens "^3.0.0"
  
  lru-cache@^4.0.1:
    version "4.1.1"
    resolved "http://pyfarm-registry.local:4873/lru-cache/-/lru-cache-4.1.1.tgz#622e32e82488b49279114a4f9ecf45e7cd6bba55"
    dependencies:
      pseudomap "^1.0.2"
      yallist "^2.1.2"
  
  micromatch@^2.1.5:
    version "2.3.11"
    resolved "http://pyfarm-registry.local:4873/micromatch/-/micromatch-2.3.11.tgz#86677c97d1720b363431d04d0d15293bd38c1565"
    dependencies:
      arr-diff "^2.0.0"
      array-unique "^0.2.1"
      braces "^1.8.2"
      expand-brackets "^0.1.4"
      extglob "^0.3.1"
      filename-regex "^2.0.0"
      is-extglob "^1.0.0"
      is-glob "^2.0.1"
      kind-of "^3.0.2"
      normalize-path "^2.0.1"
      object.omit "^2.0.0"
      parse-glob "^3.0.4"
      regex-cache "^0.4.2"
  
  mime-db@~1.30.0:
    version "1.30.0"
    resolved "http://pyfarm-registry.local:4873/mime-db/-/mime-db-1.30.0.tgz#74c643da2dd9d6a45399963465b26d5ca7d71f01"
  
  mime-types@^2.1.12, mime-types@~2.1.7:
    version "2.1.17"
    resolved "http://pyfarm-registry.local:4873/mime-types/-/mime-types-2.1.17.tgz#09d7a393f03e995a79f8af857b70a9e0ab16557a"
    dependencies:
      mime-db "~1.30.0"
  
  mime@^1.4.0:
    version "1.4.1"
    resolved "http://pyfarm-registry.local:4873/mime/-/mime-1.4.1.tgz#121f9ebc49e3766f311a76e1fa1c8003c4b03aa6"
  
  mimic-fn@^1.0.0:
    version "1.1.0"
    resolved "http://pyfarm-registry.local:4873/mimic-fn/-/mimic-fn-1.1.0.tgz#e667783d92e89dbd342818b5230b9d62a672ad18"
  
  minimalistic-assert@^1.0.0:
    version "1.0.0"
    resolved "http://pyfarm-registry.local:4873/minimalistic-assert/-/minimalistic-assert-1.0.0.tgz#702be2dda6b37f4836bcb3f5db56641b64a1d3d3"
  
  "minimatch@2 || 3", minimatch@^3.0.0, minimatch@^3.0.2, minimatch@^3.0.3, minimatch@^3.0.4:
    version "3.0.4"
    resolved "http://pyfarm-registry.local:4873/minimatch/-/minimatch-3.0.4.tgz#5166e286457f03306064be5497e8dbb0c3d32083"
    dependencies:
      brace-expansion "^1.1.7"
  
  minimist@0.0.8:
    version "0.0.8"
    resolved "http://pyfarm-registry.local:4873/minimist/-/minimist-0.0.8.tgz#857fcabfc3397d2625b8228262e86aa7a011b05d"
  
  minimist@^1.2.0:
    version "1.2.0"
    resolved "http://pyfarm-registry.local:4873/minimist/-/minimist-1.2.0.tgz#a35008b20f41383eec1fb914f4cd5df79a264284"
  
  mkdirp@0.5.1, "mkdirp@>=0.5 0", mkdirp@^0.5.1, mkdirp@~0.5.1:
    version "0.5.1"
    resolved "http://pyfarm-registry.local:4873/mkdirp/-/mkdirp-0.5.1.tgz#30057438eac6cf7f8c4767f38648d6697d75c903"
    dependencies:
      minimist "0.0.8"
  
  mocha@^4.0.1:
    version "4.0.1"
    resolved "http://pyfarm-registry.local:4873/mocha/-/mocha-4.0.1.tgz#0aee5a95cf69a4618820f5e51fa31717117daf1b"
    dependencies:
      browser-stdout "1.3.0"
      commander "2.11.0"
      debug "3.1.0"
      diff "3.3.1"
      escape-string-regexp "1.0.5"
      glob "7.1.2"
      growl "1.10.3"
      he "1.1.1"
      mkdirp "0.5.1"
      supports-color "4.4.0"
  
  moment@^2.10.6:
    version "2.19.1"
    resolved "http://pyfarm-registry.local:4873/moment/-/moment-2.19.1.tgz#56da1a2d1cbf01d38b7e1afc31c10bcfa1929167"
  
  ms@2.0.0:
    version "2.0.0"
    resolved "http://pyfarm-registry.local:4873/ms/-/ms-2.0.0.tgz#5608aeadfc00be6c2901df5f9861788de0d597c8"
  
  mute-stream@0.0.7:
    version "0.0.7"
    resolved "http://pyfarm-registry.local:4873/mute-stream/-/mute-stream-0.0.7.tgz#3075ce93bc21b8fab43e1bc4da7e8115ed1e7bab"
  
  mv@~2:
    version "2.1.1"
    resolved "http://pyfarm-registry.local:4873/mv/-/mv-2.1.1.tgz#ae6ce0d6f6d5e0a4f7d893798d03c1ea9559b6a2"
    dependencies:
      mkdirp "~0.5.1"
      ncp "~2.0.0"
      rimraf "~2.4.0"
  
  nan@^2.3.0, nan@^2.3.3:
    version "2.7.0"
    resolved "http://pyfarm-registry.local:4873/nan/-/nan-2.7.0.tgz#d95bf721ec877e08db276ed3fc6eb78f9083ad46"
  
  nan@~2.6.1:
    version "2.6.2"
    resolved "http://pyfarm-registry.local:4873/nan/-/nan-2.6.2.tgz#e4ff34e6c95fdfb5aecc08de6596f43605a7db45"
  
  natural-compare@^1.4.0:
    version "1.4.0"
    resolved "http://pyfarm-registry.local:4873/natural-compare/-/natural-compare-1.4.0.tgz#4abebfeed7541f2c27acfb29bdbbd15c8d5ba4f7"
  
  ncp@~2.0.0:
    version "2.0.0"
    resolved "http://pyfarm-registry.local:4873/ncp/-/ncp-2.0.0.tgz#195a21d6c46e361d2fb1281ba38b91e9df7bdbb3"
  
  negotiator@^0.6.1:
    version "0.6.1"
    resolved "http://pyfarm-registry.local:4873/negotiator/-/negotiator-0.6.1.tgz#2b327184e8992101177b28563fb5e7102acd0ca9"
  
  node-abi@^2.1.1:
    version "2.1.1"
    resolved "http://pyfarm-registry.local:4873/node-abi/-/node-abi-2.1.1.tgz#c9cda256ec8aa99bcab2f6446db38af143338b2a"
  
  node-pre-gyp@^0.6.36:
    version "0.6.38"
    resolved "http://pyfarm-registry.local:4873/node-pre-gyp/-/node-pre-gyp-0.6.38.tgz#e92a20f83416415bb4086f6d1fb78b3da73d113d"
    dependencies:
      hawk "3.1.3"
      mkdirp "^0.5.1"
      nopt "^4.0.1"
      npmlog "^4.0.2"
      rc "^1.1.7"
      request "2.81.0"
      rimraf "^2.6.1"
      semver "^5.3.0"
      tar "^2.2.1"
      tar-pack "^3.4.0"
  
  noop-logger@^0.1.1:
    version "0.1.1"
    resolved "http://pyfarm-registry.local:4873/noop-logger/-/noop-logger-0.1.1.tgz#94a2b1633c4f1317553007d8966fd0e841b6a4c2"
  
  nopt@^4.0.1:
    version "4.0.1"
    resolved "http://pyfarm-registry.local:4873/nopt/-/nopt-4.0.1.tgz#d0d4685afd5415193c8c7505602d0d17cd64474d"
    dependencies:
      abbrev "1"
      osenv "^0.1.4"
  
  normalize-package-data@^2.3.2:
    version "2.4.0"
    resolved "http://pyfarm-registry.local:4873/normalize-package-data/-/normalize-package-data-2.4.0.tgz#12f95a307d58352075a04907b84ac8be98ac012f"
    dependencies:
      hosted-git-info "^2.1.4"
      is-builtin-module "^1.0.0"
      semver "2 || 3 || 4 || 5"
      validate-npm-package-license "^3.0.1"
  
  normalize-path@^2.0.0, normalize-path@^2.0.1:
    version "2.1.1"
    resolved "http://pyfarm-registry.local:4873/normalize-path/-/normalize-path-2.1.1.tgz#1ab28b556e198363a8c1a6f7e6fa20137fe6aed9"
    dependencies:
      remove-trailing-separator "^1.0.1"
  
  npmlog@^4.0.1, npmlog@^4.0.2:
    version "4.1.2"
    resolved "http://pyfarm-registry.local:4873/npmlog/-/npmlog-4.1.2.tgz#08a7f2a8bf734604779a9efa4ad5cc717abb954b"
    dependencies:
      are-we-there-yet "~1.1.2"
      console-control-strings "~1.1.0"
      gauge "~2.7.3"
      set-blocking "~2.0.0"
  
  number-is-nan@^1.0.0:
    version "1.0.1"
    resolved "http://pyfarm-registry.local:4873/number-is-nan/-/number-is-nan-1.0.1.tgz#097b602b53422a522c1afb8790318336941a011d"
  
  oauth-sign@~0.8.1:
    version "0.8.2"
    resolved "http://pyfarm-registry.local:4873/oauth-sign/-/oauth-sign-0.8.2.tgz#46a6ab7f0aead8deae9ec0565780b7d4efeb9d43"
  
  object-assign@^4.0.1, object-assign@^4.1.0:
    version "4.1.1"
    resolved "http://pyfarm-registry.local:4873/object-assign/-/object-assign-4.1.1.tgz#2109adc7965887cfc05cbbd442cac8bfbb360863"
  
  object.omit@^2.0.0:
    version "2.0.1"
    resolved "http://pyfarm-registry.local:4873/object.omit/-/object.omit-2.0.1.tgz#1a9c744829f39dbb858c76ca3579ae2a54ebd1fa"
    dependencies:
      for-own "^0.1.4"
      is-extendable "^0.1.1"
  
  obuf@^1.0.0, obuf@^1.1.1:
    version "1.1.1"
    resolved "http://pyfarm-registry.local:4873/obuf/-/obuf-1.1.1.tgz#104124b6c602c6796881a042541d36db43a5264e"
  
  once@^1.3.0, once@^1.3.1, once@^1.3.3, once@^1.4.0:
    version "1.4.0"
    resolved "http://pyfarm-registry.local:4873/once/-/once-1.4.0.tgz#583b1aa775961d4b113ac17d9c50baef9dd76bd1"
    dependencies:
      wrappy "1"
  
  onetime@^2.0.0:
    version "2.0.1"
    resolved "http://pyfarm-registry.local:4873/onetime/-/onetime-2.0.1.tgz#067428230fd67443b2794b22bba528b6867962d4"
    dependencies:
      mimic-fn "^1.0.0"
  
  optionator@^0.8.2:
    version "0.8.2"
    resolved "http://pyfarm-registry.local:4873/optionator/-/optionator-0.8.2.tgz#364c5e409d3f4d6301d6c0b4c05bba50180aeb64"
    dependencies:
      deep-is "~0.1.3"
      fast-levenshtein "~2.0.4"
      levn "~0.3.0"
      prelude-ls "~1.1.2"
      type-check "~0.3.2"
      wordwrap "~1.0.0"
  
  os-homedir@^1.0.0, os-homedir@^1.0.1:
    version "1.0.2"
    resolved "http://pyfarm-registry.local:4873/os-homedir/-/os-homedir-1.0.2.tgz#ffbc4988336e0e833de0c168c7ef152121aa7fb3"
  
  os-tmpdir@^1.0.0, os-tmpdir@^1.0.1, os-tmpdir@~1.0.2:
    version "1.0.2"
    resolved "http://pyfarm-registry.local:4873/os-tmpdir/-/os-tmpdir-1.0.2.tgz#bbe67406c79aa85c5cfec766fe5734555dfa1274"
  
  osenv@^0.1.4:
    version "0.1.4"
    resolved "http://pyfarm-registry.local:4873/osenv/-/osenv-0.1.4.tgz#42fe6d5953df06c8064be6f176c3d05aaaa34644"
    dependencies:
      os-homedir "^1.0.0"
      os-tmpdir "^1.0.0"
  
  output-file-sync@^1.1.2:
    version "1.1.2"
    resolved "http://pyfarm-registry.local:4873/output-file-sync/-/output-file-sync-1.1.2.tgz#d0a33eefe61a205facb90092e826598d5245ce76"
    dependencies:
      graceful-fs "^4.1.4"
      mkdirp "^0.5.1"
      object-assign "^4.1.0"
  
  p-limit@^1.1.0:
    version "1.1.0"
    resolved "http://pyfarm-registry.local:4873/p-limit/-/p-limit-1.1.0.tgz#b07ff2d9a5d88bec806035895a2bab66a27988bc"
  
  p-locate@^2.0.0:
    version "2.0.0"
    resolved "http://pyfarm-registry.local:4873/p-locate/-/p-locate-2.0.0.tgz#20a0103b222a70c8fd39cc2e580680f3dde5ec43"
    dependencies:
      p-limit "^1.1.0"
  
  parse-glob@^3.0.4:
    version "3.0.4"
    resolved "http://pyfarm-registry.local:4873/parse-glob/-/parse-glob-3.0.4.tgz#b2c376cfb11f35513badd173ef0bb6e3a388391c"
    dependencies:
      glob-base "^0.3.0"
      is-dotfile "^1.0.0"
      is-extglob "^1.0.0"
      is-glob "^2.0.0"
  
  parse-json@^2.2.0:
    version "2.2.0"
    resolved "http://pyfarm-registry.local:4873/parse-json/-/parse-json-2.2.0.tgz#f480f40434ef80741f8469099f8dea18f55a4dc9"
    dependencies:
      error-ex "^1.2.0"
  
  path-exists@^2.0.0:
    version "2.1.0"
    resolved "http://pyfarm-registry.local:4873/path-exists/-/path-exists-2.1.0.tgz#0feb6c64f0fc518d9a754dd5efb62c7022761f4b"
    dependencies:
      pinkie-promise "^2.0.0"
  
  path-exists@^3.0.0:
    version "3.0.0"
    resolved "http://pyfarm-registry.local:4873/path-exists/-/path-exists-3.0.0.tgz#ce0ebeaa5f78cb18925ea7d810d7b59b010fd515"
  
  path-is-absolute@^1.0.0, path-is-absolute@^1.0.1:
    version "1.0.1"
    resolved "http://pyfarm-registry.local:4873/path-is-absolute/-/path-is-absolute-1.0.1.tgz#174b9268735534ffbc7ace6bf53a5a9e1b5c5f5f"
  
  path-is-inside@^1.0.1, path-is-inside@^1.0.2:
    version "1.0.2"
    resolved "http://pyfarm-registry.local:4873/path-is-inside/-/path-is-inside-1.0.2.tgz#365417dede44430d1c11af61027facf074bdfc53"
  
  path-parse@^1.0.5:
    version "1.0.5"
    resolved "http://pyfarm-registry.local:4873/path-parse/-/path-parse-1.0.5.tgz#3c1adf871ea9cd6c9431b6ea2bd74a0ff055c4c1"
  
  path-type@^2.0.0:
    version "2.0.0"
    resolved "http://pyfarm-registry.local:4873/path-type/-/path-type-2.0.0.tgz#f012ccb8415b7096fc2daa1054c3d72389594c73"
    dependencies:
      pify "^2.0.0"
  
  pathval@^1.0.0:
    version "1.1.0"
    resolved "http://pyfarm-registry.local:4873/pathval/-/pathval-1.1.0.tgz#b942e6d4bde653005ef6b71361def8727d0645e0"
  
  performance-now@^0.2.0:
    version "0.2.0"
    resolved "http://pyfarm-registry.local:4873/performance-now/-/performance-now-0.2.0.tgz#33ef30c5c77d4ea21c5a53869d91b56d8f2555e5"
  
  pidusage@^1.1.6:
    version "1.1.6"
    resolved "http://pyfarm-registry.local:4873/pidusage/-/pidusage-1.1.6.tgz#d708d8e38cc7ccfaa191fb6adac1fd674a4be184"
  
  pify@^2.0.0:
    version "2.3.0"
    resolved "http://pyfarm-registry.local:4873/pify/-/pify-2.3.0.tgz#ed141a6ac043a849ea588498e7dca8b15330e90c"
  
  pinkie-promise@^2.0.0:
    version "2.0.1"
    resolved "http://pyfarm-registry.local:4873/pinkie-promise/-/pinkie-promise-2.0.1.tgz#2135d6dfa7a358c069ac9b178776288228450ffa"
    dependencies:
      pinkie "^2.0.0"
  
  pinkie@^2.0.0:
    version "2.0.4"
    resolved "http://pyfarm-registry.local:4873/pinkie/-/pinkie-2.0.4.tgz#72556b80cfa0d48a974e80e77248e80ed4f7f870"
  
  pkg-dir@^1.0.0:
    version "1.0.0"
    resolved "http://pyfarm-registry.local:4873/pkg-dir/-/pkg-dir-1.0.0.tgz#7a4b508a8d5bb2d629d447056ff4e9c9314cf3d4"
    dependencies:
      find-up "^1.0.0"
  
  pluralize@^7.0.0:
    version "7.0.0"
    resolved "http://pyfarm-registry.local:4873/pluralize/-/pluralize-7.0.0.tgz#298b89df8b93b0221dbf421ad2b1b1ea23fc6777"
  
  prebuild-install@^2.1.0:
    version "2.3.0"
    resolved "http://pyfarm-registry.local:4873/prebuild-install/-/prebuild-install-2.3.0.tgz#19481247df728b854ab57b187ce234211311b485"
    dependencies:
      expand-template "^1.0.2"
      github-from-package "0.0.0"
      minimist "^1.2.0"
      mkdirp "^0.5.1"
      node-abi "^2.1.1"
      noop-logger "^0.1.1"
      npmlog "^4.0.1"
      os-homedir "^1.0.1"
      pump "^1.0.1"
      rc "^1.1.6"
      simple-get "^1.4.2"
      tar-fs "^1.13.0"
      tunnel-agent "^0.6.0"
      xtend "4.0.1"
  
  prelude-ls@~1.1.2:
    version "1.1.2"
    resolved "http://pyfarm-registry.local:4873/prelude-ls/-/prelude-ls-1.1.2.tgz#21932a549f5e52ffd9a827f570e04be62a97da54"
  
  preserve@^0.2.0:
    version "0.2.0"
    resolved "http://pyfarm-registry.local:4873/preserve/-/preserve-0.2.0.tgz#815ed1f6ebc65926f865b310c0713bcb3315ce4b"
  
  private@^0.1.7:
    version "0.1.7"
    resolved "http://pyfarm-registry.local:4873/private/-/private-0.1.7.tgz#68ce5e8a1ef0a23bb570cc28537b5332aba63ef1"
  
  process-nextick-args@~1.0.6:
    version "1.0.7"
    resolved "http://pyfarm-registry.local:4873/process-nextick-args/-/process-nextick-args-1.0.7.tgz#150e20b756590ad3f91093f25a4f2ad8bff30ba3"
  
  progress@^2.0.0:
    version "2.0.0"
    resolved "http://pyfarm-registry.local:4873/progress/-/progress-2.0.0.tgz#8a1be366bf8fc23db2bd23f10c6fe920b4389d1f"
  
  prr@~0.0.0:
    version "0.0.0"
    resolved "http://pyfarm-registry.local:4873/prr/-/prr-0.0.0.tgz#1a84b85908325501411853d0081ee3fa86e2926a"
  
  prr@~1.0.1:
    version "1.0.1"
    resolved "http://pyfarm-registry.local:4873/prr/-/prr-1.0.1.tgz#d3fc114ba06995a45ec6893f484ceb1d78f5f476"
  
  pseudomap@^1.0.2:
    version "1.0.2"
    resolved "http://pyfarm-registry.local:4873/pseudomap/-/pseudomap-1.0.2.tgz#f052a28da70e618917ef0a8ac34c1ae5a68286b3"
  
  pump@^1.0.0, pump@^1.0.1:
    version "1.0.2"
    resolved "http://pyfarm-registry.local:4873/pump/-/pump-1.0.2.tgz#3b3ee6512f94f0e575538c17995f9f16990a5d51"
    dependencies:
      end-of-stream "^1.1.0"
      once "^1.3.1"
  
  punycode@^1.4.1:
    version "1.4.1"
    resolved "http://pyfarm-registry.local:4873/punycode/-/punycode-1.4.1.tgz#c0d5a63b2718800ad8e1eb0fa5269c84dd41845e"
  
  qs@^6.2.1:
    version "6.5.1"
    resolved "http://pyfarm-registry.local:4873/qs/-/qs-6.5.1.tgz#349cdf6eef89ec45c12d7d5eb3fc0c870343a6d8"
  
  qs@~6.4.0:
    version "6.4.0"
    resolved "http://pyfarm-registry.local:4873/qs/-/qs-6.4.0.tgz#13e26d28ad6b0ffaa91312cd3bf708ed351e7233"
  
  randomatic@^1.1.3:
    version "1.1.7"
    resolved "http://pyfarm-registry.local:4873/randomatic/-/randomatic-1.1.7.tgz#c7abe9cc8b87c0baa876b19fde83fd464797e38c"
    dependencies:
      is-number "^3.0.0"
      kind-of "^4.0.0"
  
  rc@^1.1.6, rc@^1.1.7:
    version "1.2.1"
    resolved "http://pyfarm-registry.local:4873/rc/-/rc-1.2.1.tgz#2e03e8e42ee450b8cb3dce65be1bf8974e1dfd95"
    dependencies:
      deep-extend "~0.4.0"
      ini "~1.3.0"
      minimist "^1.2.0"
      strip-json-comments "~2.0.1"
  
  read-pkg-up@^2.0.0:
    version "2.0.0"
    resolved "http://pyfarm-registry.local:4873/read-pkg-up/-/read-pkg-up-2.0.0.tgz#6b72a8048984e0c41e79510fd5e9fa99b3b549be"
    dependencies:
      find-up "^2.0.0"
      read-pkg "^2.0.0"
  
  read-pkg@^2.0.0:
    version "2.0.0"
    resolved "http://pyfarm-registry.local:4873/read-pkg/-/read-pkg-2.0.0.tgz#8ef1c0623c6a6db0dc6713c4bfac46332b2368f8"
    dependencies:
      load-json-file "^2.0.0"
      normalize-package-data "^2.3.2"
      path-type "^2.0.0"
  
  readable-stream@^1.0.33:
    version "1.1.14"
    resolved "http://pyfarm-registry.local:4873/readable-stream/-/readable-stream-1.1.14.tgz#7cf4c54ef648e3813084c636dd2079e166c081d9"
    dependencies:
      core-util-is "~1.0.0"
      inherits "~2.0.1"
      isarray "0.0.1"
      string_decoder "~0.10.x"
  
  readable-stream@^2.0.0, readable-stream@^2.0.1, readable-stream@^2.0.2, readable-stream@^2.0.5, readable-stream@^2.0.6, readable-stream@^2.1.4, readable-stream@^2.2.2, readable-stream@^2.2.9:
    version "2.3.3"
    resolved "http://pyfarm-registry.local:4873/readable-stream/-/readable-stream-2.3.3.tgz#368f2512d79f9d46fdfc71349ae7878bbc1eb95c"
    dependencies:
      core-util-is "~1.0.0"
      inherits "~2.0.3"
      isarray "~1.0.0"
      process-nextick-args "~1.0.6"
      safe-buffer "~5.1.1"
      string_decoder "~1.0.3"
      util-deprecate "~1.0.1"
  
  readdirp@^2.0.0:
    version "2.1.0"
    resolved "http://pyfarm-registry.local:4873/readdirp/-/readdirp-2.1.0.tgz#4ed0ad060df3073300c48440373f72d1cc642d78"
    dependencies:
      graceful-fs "^4.1.2"
      minimatch "^3.0.2"
      readable-stream "^2.0.2"
      set-immediate-shim "^1.0.1"
  
  regenerator-runtime@^0.10.5:
    version "0.10.5"
    resolved "http://pyfarm-registry.local:4873/regenerator-runtime/-/regenerator-runtime-0.10.5.tgz#336c3efc1220adcedda2c9fab67b5a7955a33658"
  
  regenerator-runtime@^0.11.0:
    version "0.11.0"
    resolved "http://pyfarm-registry.local:4873/regenerator-runtime/-/regenerator-runtime-0.11.0.tgz#7e54fe5b5ccd5d6624ea6255c3473be090b802e1"
  
  regex-cache@^0.4.2:
    version "0.4.4"
    resolved "http://pyfarm-registry.local:4873/regex-cache/-/regex-cache-0.4.4.tgz#75bdc58a2a1496cec48a12835bc54c8d562336dd"
    dependencies:
      is-equal-shallow "^0.1.3"
  
  remove-trailing-separator@^1.0.1:
    version "1.1.0"
    resolved "http://pyfarm-registry.local:4873/remove-trailing-separator/-/remove-trailing-separator-1.1.0.tgz#c24bce2a283adad5bc3f58e0d48249b92379d8ef"
  
  repeat-element@^1.1.2:
    version "1.1.2"
    resolved "http://pyfarm-registry.local:4873/repeat-element/-/repeat-element-1.1.2.tgz#ef089a178d1483baae4d93eb98b4f9e4e11d990a"
  
  repeat-string@^1.5.2:
    version "1.6.1"
    resolved "http://pyfarm-registry.local:4873/repeat-string/-/repeat-string-1.6.1.tgz#8dcae470e1c88abc2d600fff4a776286da75e637"
  
  repeating@^2.0.0:
    version "2.0.1"
    resolved "http://pyfarm-registry.local:4873/repeating/-/repeating-2.0.1.tgz#5214c53a926d3552707527fbab415dbc08d06dda"
    dependencies:
      is-finite "^1.0.0"
  
  request@2.81.0:
    version "2.81.0"
    resolved "http://pyfarm-registry.local:4873/request/-/request-2.81.0.tgz#c6928946a0e06c5f8d6f8a9333469ffda46298a0"
    dependencies:
      aws-sign2 "~0.6.0"
      aws4 "^1.2.1"
      caseless "~0.12.0"
      combined-stream "~1.0.5"
      extend "~3.0.0"
      forever-agent "~0.6.1"
      form-data "~2.1.1"
      har-validator "~4.2.1"
      hawk "~3.1.3"
      http-signature "~1.1.0"
      is-typedarray "~1.0.0"
      isstream "~0.1.2"
      json-stringify-safe "~5.0.1"
      mime-types "~2.1.7"
      oauth-sign "~0.8.1"
      performance-now "^0.2.0"
      qs "~6.4.0"
      safe-buffer "^5.0.1"
      stringstream "~0.0.4"
      tough-cookie "~2.3.0"
      tunnel-agent "^0.6.0"
      uuid "^3.0.0"
  
  require-uncached@^1.0.3:
    version "1.0.3"
    resolved "http://pyfarm-registry.local:4873/require-uncached/-/require-uncached-1.0.3.tgz#4e0d56d6c9662fd31e43011c4b95aa49955421d3"
    dependencies:
      caller-path "^0.1.0"
      resolve-from "^1.0.0"
  
  resolve-from@^1.0.0:
    version "1.0.1"
    resolved "http://pyfarm-registry.local:4873/resolve-from/-/resolve-from-1.0.1.tgz#26cbfe935d1aeeeabb29bc3fe5aeb01e93d44226"
  
  resolve@^1.2.0:
    version "1.4.0"
    resolved "http://pyfarm-registry.local:4873/resolve/-/resolve-1.4.0.tgz#a75be01c53da25d934a98ebd0e4c4a7312f92a86"
    dependencies:
      path-parse "^1.0.5"
  
  restify-errors@^5.0.0:
    version "5.0.0"
    resolved "http://pyfarm-registry.local:4873/restify-errors/-/restify-errors-5.0.0.tgz#668717e100683eec6ce0d515f89ff1dbec254a8d"
    dependencies:
      assert-plus "^1.0.0"
      lodash "^4.2.1"
      verror "^1.8.1"
    optionalDependencies:
      safe-json-stringify "^1.0.3"
  
  restify@^6.0.1:
    version "6.0.1"
    resolved "http://pyfarm-registry.local:4873/restify/-/restify-6.0.1.tgz#3601a32d21406c7d7bafab462404dd0705279fc3"
    dependencies:
      assert-plus "^1.0.0"
      bunyan "^1.8.1"
      clone-regexp "^1.0.0"
      csv "^1.1.0"
      escape-regexp-component "^1.0.2"
      ewma "^2.0.1"
      formidable "^1.0.17"
      http-signature "^1.0.0"
      lodash "^4.17.4"
      lru-cache "^4.0.1"
      mime "^1.4.0"
      negotiator "^0.6.1"
      once "^1.3.0"
      pidusage "^1.1.6"
      qs "^6.2.1"
      restify-errors "^5.0.0"
      semver "^5.0.1"
      spdy "^3.3.3"
      uuid "^3.0.0"
      vasync "^1.6.4"
      verror "^1.9.0"
    optionalDependencies:
      dtrace-provider "^0.8.1"
  
  restore-cursor@^2.0.0:
    version "2.0.0"
    resolved "http://pyfarm-registry.local:4873/restore-cursor/-/restore-cursor-2.0.0.tgz#9f7ee287f82fd326d4fd162923d62129eee0dfaf"
    dependencies:
      onetime "^2.0.0"
      signal-exit "^3.0.2"
  
  rimraf@2, rimraf@^2.2.8, rimraf@^2.5.1, rimraf@^2.6.1:
    version "2.6.2"
    resolved "http://pyfarm-registry.local:4873/rimraf/-/rimraf-2.6.2.tgz#2ed8150d24a16ea8651e6d6ef0f47c4158ce7a36"
    dependencies:
      glob "^7.0.5"
  
  rimraf@~2.4.0:
    version "2.4.5"
    resolved "http://pyfarm-registry.local:4873/rimraf/-/rimraf-2.4.5.tgz#ee710ce5d93a8fdb856fb5ea8ff0e2d75934b2da"
    dependencies:
      glob "^6.0.1"
  
  run-async@^2.2.0:
    version "2.3.0"
    resolved "http://pyfarm-registry.local:4873/run-async/-/run-async-2.3.0.tgz#0371ab4ae0bdd720d4166d7dfda64ff7a445a6c0"
    dependencies:
      is-promise "^2.1.0"
  
  rx-lite-aggregates@^4.0.8:
    version "4.0.8"
    resolved "http://pyfarm-registry.local:4873/rx-lite-aggregates/-/rx-lite-aggregates-4.0.8.tgz#753b87a89a11c95467c4ac1626c4efc4e05c67be"
    dependencies:
      rx-lite "*"
  
  rx-lite@*, rx-lite@^4.0.8:
    version "4.0.8"
    resolved "http://pyfarm-registry.local:4873/rx-lite/-/rx-lite-4.0.8.tgz#0b1e11af8bc44836f04a6407e92da42467b79444"
  
  safe-buffer@^5.0.1, safe-buffer@~5.1.0, safe-buffer@~5.1.1:
    version "5.1.1"
    resolved "http://pyfarm-registry.local:4873/safe-buffer/-/safe-buffer-5.1.1.tgz#893312af69b2123def71f57889001671eeb2c853"
  
  safe-json-stringify@^1.0.3, safe-json-stringify@~1:
    version "1.0.4"
    resolved "http://pyfarm-registry.local:4873/safe-json-stringify/-/safe-json-stringify-1.0.4.tgz#81a098f447e4bbc3ff3312a243521bc060ef5911"
  
  select-hose@^2.0.0:
    version "2.0.0"
    resolved "http://pyfarm-registry.local:4873/select-hose/-/select-hose-2.0.0.tgz#625d8658f865af43ec962bfc376a37359a4994ca"
  
  "semver@2 || 3 || 4 || 5", semver@^5.0.1, semver@^5.3.0, semver@~5.4.1:
    version "5.4.1"
    resolved "http://pyfarm-registry.local:4873/semver/-/semver-5.4.1.tgz#e059c09d8571f0540823733433505d3a2f00b18e"
  
  set-blocking@~2.0.0:
    version "2.0.0"
    resolved "http://pyfarm-registry.local:4873/set-blocking/-/set-blocking-2.0.0.tgz#045f9782d011ae9a6803ddd382b24392b3d890f7"
  
  set-immediate-shim@^1.0.1:
    version "1.0.1"
    resolved "http://pyfarm-registry.local:4873/set-immediate-shim/-/set-immediate-shim-1.0.1.tgz#4b2b1b27eb808a9f8dcc481a58e5e56f599f3f61"
  
  shebang-command@^1.2.0:
    version "1.2.0"
    resolved "http://pyfarm-registry.local:4873/shebang-command/-/shebang-command-1.2.0.tgz#44aac65b695b03398968c39f363fee5deafdf1ea"
    dependencies:
      shebang-regex "^1.0.0"
  
  shebang-regex@^1.0.0:
    version "1.0.0"
    resolved "http://pyfarm-registry.local:4873/shebang-regex/-/shebang-regex-1.0.0.tgz#da42f49740c0b42db2ca9728571cb190c98efea3"
  
  signal-exit@^3.0.0, signal-exit@^3.0.2:
    version "3.0.2"
    resolved "http://pyfarm-registry.local:4873/signal-exit/-/signal-exit-3.0.2.tgz#b5fdc08f1287ea1178628e415e25132b73646c6d"
  
  simple-get@^1.4.2:
    version "1.4.3"
    resolved "http://pyfarm-registry.local:4873/simple-get/-/simple-get-1.4.3.tgz#e9755eda407e96da40c5e5158c9ea37b33becbeb"
    dependencies:
      once "^1.3.1"
      unzip-response "^1.0.0"
      xtend "^4.0.0"
  
  slash@^1.0.0:
    version "1.0.0"
    resolved "http://pyfarm-registry.local:4873/slash/-/slash-1.0.0.tgz#c41f2f6c39fc16d1cd17ad4b5d896114ae470d55"
  
  slice-ansi@1.0.0:
    version "1.0.0"
    resolved "http://pyfarm-registry.local:4873/slice-ansi/-/slice-ansi-1.0.0.tgz#044f1a49d8842ff307aad6b505ed178bd950134d"
    dependencies:
      is-fullwidth-code-point "^2.0.0"
  
  sntp@1.x.x:
    version "1.0.9"
    resolved "http://pyfarm-registry.local:4873/sntp/-/sntp-1.0.9.tgz#6541184cc90aeea6c6e7b35e2659082443c66198"
    dependencies:
      hoek "2.x.x"
  
  source-map-support@^0.4.15:
    version "0.4.18"
    resolved "http://pyfarm-registry.local:4873/source-map-support/-/source-map-support-0.4.18.tgz#0286a6de8be42641338594e97ccea75f0a2c585f"
    dependencies:
      source-map "^0.5.6"
  
  source-map@^0.5.6:
    version "0.5.7"
    resolved "http://pyfarm-registry.local:4873/source-map/-/source-map-0.5.7.tgz#8a039d2d1021d22d1ea14c80d8ea468ba2ef3fcc"
  
  spdx-correct@~1.0.0:
    version "1.0.2"
    resolved "http://pyfarm-registry.local:4873/spdx-correct/-/spdx-correct-1.0.2.tgz#4b3073d933ff51f3912f03ac5519498a4150db40"
    dependencies:
      spdx-license-ids "^1.0.2"
  
  spdx-expression-parse@~1.0.0:
    version "1.0.4"
    resolved "http://pyfarm-registry.local:4873/spdx-expression-parse/-/spdx-expression-parse-1.0.4.tgz#9bdf2f20e1f40ed447fbe273266191fced51626c"
  
  spdx-license-ids@^1.0.2:
    version "1.2.2"
    resolved "http://pyfarm-registry.local:4873/spdx-license-ids/-/spdx-license-ids-1.2.2.tgz#c9df7a3424594ade6bd11900d596696dc06bac57"
  
  spdy-transport@^2.0.18:
    version "2.0.20"
    resolved "http://pyfarm-registry.local:4873/spdy-transport/-/spdy-transport-2.0.20.tgz#735e72054c486b2354fe89e702256004a39ace4d"
    dependencies:
      debug "^2.6.8"
      detect-node "^2.0.3"
      hpack.js "^2.1.6"
      obuf "^1.1.1"
      readable-stream "^2.2.9"
      safe-buffer "^5.0.1"
      wbuf "^1.7.2"
  
  spdy@^3.3.3:
    version "3.4.7"
    resolved "http://pyfarm-registry.local:4873/spdy/-/spdy-3.4.7.tgz#42ff41ece5cc0f99a3a6c28aabb73f5c3b03acbc"
    dependencies:
      debug "^2.6.8"
      handle-thing "^1.2.5"
      http-deceiver "^1.2.7"
      safe-buffer "^5.0.1"
      select-hose "^2.0.0"
      spdy-transport "^2.0.18"
  
  sprintf-js@~1.0.2:
    version "1.0.3"
    resolved "http://pyfarm-registry.local:4873/sprintf-js/-/sprintf-js-1.0.3.tgz#04e6926f662895354f3dd015203633b857297e2c"
  
  sshpk@^1.7.0:
    version "1.13.1"
    resolved "http://pyfarm-registry.local:4873/sshpk/-/sshpk-1.13.1.tgz#512df6da6287144316dc4c18fe1cf1d940739be3"
    dependencies:
      asn1 "~0.2.3"
      assert-plus "^1.0.0"
      dashdash "^1.12.0"
      getpass "^0.1.1"
    optionalDependencies:
      bcrypt-pbkdf "^1.0.0"
      ecc-jsbn "~0.1.1"
      jsbn "~0.1.0"
      tweetnacl "~0.14.0"
  
  stream-transform@^0.1.0:
    version "0.1.2"
    resolved "http://pyfarm-registry.local:4873/stream-transform/-/stream-transform-0.1.2.tgz#7d8e6b4e03ac4781778f8c79517501bfb0762a9f"
  
  string-width@^1.0.1, string-width@^1.0.2:
    version "1.0.2"
    resolved "http://pyfarm-registry.local:4873/string-width/-/string-width-1.0.2.tgz#118bdf5b8cdc51a2a7e70d211e07e2b0b9b107d3"
    dependencies:
      code-point-at "^1.0.0"
      is-fullwidth-code-point "^1.0.0"
      strip-ansi "^3.0.0"
  
  string-width@^2.1.0, string-width@^2.1.1:
    version "2.1.1"
    resolved "http://pyfarm-registry.local:4873/string-width/-/string-width-2.1.1.tgz#ab93f27a8dc13d28cac815c462143a6d9012ae9e"
    dependencies:
      is-fullwidth-code-point "^2.0.0"
      strip-ansi "^4.0.0"
  
  string_decoder@~0.10.x:
    version "0.10.31"
    resolved "http://pyfarm-registry.local:4873/string_decoder/-/string_decoder-0.10.31.tgz#62e203bc41766c6c28c9fc84301dab1c5310fa94"
  
  string_decoder@~1.0.3:
    version "1.0.3"
    resolved "http://pyfarm-registry.local:4873/string_decoder/-/string_decoder-1.0.3.tgz#0fc67d7c141825de94282dd536bec6b9bce860ab"
    dependencies:
      safe-buffer "~5.1.0"
  
  stringstream@~0.0.4:
    version "0.0.5"
    resolved "http://pyfarm-registry.local:4873/stringstream/-/stringstream-0.0.5.tgz#4e484cd4de5a0bbbee18e46307710a8a81621878"
  
  strip-ansi@^3.0.0, strip-ansi@^3.0.1:
    version "3.0.1"
    resolved "http://pyfarm-registry.local:4873/strip-ansi/-/strip-ansi-3.0.1.tgz#6a385fb8853d952d5ff05d0e8aaf94278dc63dcf"
    dependencies:
      ansi-regex "^2.0.0"
  
  strip-ansi@^4.0.0:
    version "4.0.0"
    resolved "http://pyfarm-registry.local:4873/strip-ansi/-/strip-ansi-4.0.0.tgz#a8479022eb1ac368a871389b635262c505ee368f"
    dependencies:
      ansi-regex "^3.0.0"
  
  strip-bom@^3.0.0:
    version "3.0.0"
    resolved "http://pyfarm-registry.local:4873/strip-bom/-/strip-bom-3.0.0.tgz#2334c18e9c759f7bdd56fdef7e9ae3d588e68ed3"
  
  strip-json-comments@~2.0.1:
    version "2.0.1"
    resolved "http://pyfarm-registry.local:4873/strip-json-comments/-/strip-json-comments-2.0.1.tgz#3c531942e908c2697c0ec344858c286c7ca0a60a"
  
  supports-color@4.4.0, supports-color@^4.0.0:
    version "4.4.0"
    resolved "http://pyfarm-registry.local:4873/supports-color/-/supports-color-4.4.0.tgz#883f7ddabc165142b2a61427f3352ded195d1a3e"
    dependencies:
      has-flag "^2.0.0"
  
  supports-color@^2.0.0:
    version "2.0.0"
    resolved "http://pyfarm-registry.local:4873/supports-color/-/supports-color-2.0.0.tgz#535d045ce6b6363fa40117084629995e9df324c7"
  
  table@^4.0.1:
    version "4.0.2"
    resolved "http://pyfarm-registry.local:4873/table/-/table-4.0.2.tgz#a33447375391e766ad34d3486e6e2aedc84d2e36"
    dependencies:
      ajv "^5.2.3"
      ajv-keywords "^2.1.0"
      chalk "^2.1.0"
      lodash "^4.17.4"
      slice-ansi "1.0.0"
      string-width "^2.1.1"
  
  tar-fs@^1.13.0:
    version "1.16.0"
    resolved "http://pyfarm-registry.local:4873/tar-fs/-/tar-fs-1.16.0.tgz#e877a25acbcc51d8c790da1c57c9cf439817b896"
    dependencies:
      chownr "^1.0.1"
      mkdirp "^0.5.1"
      pump "^1.0.0"
      tar-stream "^1.1.2"
  
  tar-pack@^3.4.0:
    version "3.4.0"
    resolved "http://pyfarm-registry.local:4873/tar-pack/-/tar-pack-3.4.0.tgz#23be2d7f671a8339376cbdb0b8fe3fdebf317984"
    dependencies:
      debug "^2.2.0"
      fstream "^1.0.10"
      fstream-ignore "^1.0.5"
      once "^1.3.3"
      readable-stream "^2.1.4"
      rimraf "^2.5.1"
      tar "^2.2.1"
      uid-number "^0.0.6"
  
  tar-stream@^1.1.2:
    version "1.5.4"
    resolved "http://pyfarm-registry.local:4873/tar-stream/-/tar-stream-1.5.4.tgz#36549cf04ed1aee9b2a30c0143252238daf94016"
    dependencies:
      bl "^1.0.0"
      end-of-stream "^1.0.0"
      readable-stream "^2.0.0"
      xtend "^4.0.0"
  
  tar@^2.2.1:
    version "2.2.1"
    resolved "http://pyfarm-registry.local:4873/tar/-/tar-2.2.1.tgz#8e4d2a256c0e2185c6b18ad694aec968b83cb1d1"
    dependencies:
      block-stream "*"
      fstream "^1.0.2"
      inherits "2"
  
  text-table@~0.2.0:
    version "0.2.0"
    resolved "http://pyfarm-registry.local:4873/text-table/-/text-table-0.2.0.tgz#7f5ee823ae805207c00af2df4a84ec3fcfa570b4"
  
  through@^2.3.6:
    version "2.3.8"
    resolved "http://pyfarm-registry.local:4873/through/-/through-2.3.8.tgz#0dd4c9ffaabc357960b1b724115d7e0e86a2e1f5"
  
  tmp@^0.0.33:
    version "0.0.33"
    resolved "http://pyfarm-registry.local:4873/tmp/-/tmp-0.0.33.tgz#6d34335889768d21b2bcda0aa277ced3b1bfadf9"
    dependencies:
      os-tmpdir "~1.0.2"
  
  to-fast-properties@^1.0.3:
    version "1.0.3"
    resolved "http://pyfarm-registry.local:4873/to-fast-properties/-/to-fast-properties-1.0.3.tgz#b83571fa4d8c25b82e231b06e3a3055de4ca1a47"
  
  tough-cookie@~2.3.0:
    version "2.3.3"
    resolved "http://pyfarm-registry.local:4873/tough-cookie/-/tough-cookie-2.3.3.tgz#0b618a5565b6dea90bf3425d04d55edc475a7561"
    dependencies:
      punycode "^1.4.1"
  
  trim-right@^1.0.1:
    version "1.0.1"
    resolved "http://pyfarm-registry.local:4873/trim-right/-/trim-right-1.0.1.tgz#cb2e1203067e0c8de1f614094b9fe45704ea6003"
  
  tryit@^1.0.1:
    version "1.0.3"
    resolved "http://pyfarm-registry.local:4873/tryit/-/tryit-1.0.3.tgz#393be730a9446fd1ead6da59a014308f36c289cb"
  
  tunnel-agent@^0.6.0:
    version "0.6.0"
    resolved "http://pyfarm-registry.local:4873/tunnel-agent/-/tunnel-agent-0.6.0.tgz#27a5dea06b36b04a0a9966774b290868f0fc40fd"
    dependencies:
      safe-buffer "^5.0.1"
  
  tweetnacl@^0.14.3, tweetnacl@~0.14.0:
    version "0.14.5"
    resolved "http://pyfarm-registry.local:4873/tweetnacl/-/tweetnacl-0.14.5.tgz#5ae68177f192d4456269d108afa93ff8743f4f64"
  
  type-check@~0.3.2:
    version "0.3.2"
    resolved "http://pyfarm-registry.local:4873/type-check/-/type-check-0.3.2.tgz#5884cab512cf1d355e3fb784f30804b2b520db72"
    dependencies:
      prelude-ls "~1.1.2"
  
  type-detect@^4.0.0:
    version "4.0.3"
    resolved "http://pyfarm-registry.local:4873/type-detect/-/type-detect-4.0.3.tgz#0e3f2670b44099b0b46c284d136a7ef49c74c2ea"
  
  typedarray@^0.0.6:
    version "0.0.6"
    resolved "http://pyfarm-registry.local:4873/typedarray/-/typedarray-0.0.6.tgz#867ac74e3864187b1d3d47d996a78ec5c8830777"
  
  uid-number@^0.0.6:
    version "0.0.6"
    resolved "http://pyfarm-registry.local:4873/uid-number/-/uid-number-0.0.6.tgz#0ea10e8035e8eb5b8e4449f06da1c730663baa81"
  
  unzip-response@^1.0.0:
    version "1.0.2"
    resolved "http://pyfarm-registry.local:4873/unzip-response/-/unzip-response-1.0.2.tgz#b984f0877fc0a89c2c773cc1ef7b5b232b5b06fe"
  
  user-home@^1.1.1:
    version "1.1.1"
    resolved "http://pyfarm-registry.local:4873/user-home/-/user-home-1.1.1.tgz#2b5be23a32b63a7c9deb8d0f28d485724a3df190"
  
  util-deprecate@~1.0.1:
    version "1.0.2"
    resolved "http://pyfarm-registry.local:4873/util-deprecate/-/util-deprecate-1.0.2.tgz#450d4dc9fa70de732762fbd2d4a28981419a0ccf"
  
  uuid@^3.0.0:
    version "3.1.0"
    resolved "http://pyfarm-registry.local:4873/uuid/-/uuid-3.1.0.tgz#3dd3d3e790abc24d7b0d3a034ffababe28ebbc04"
  
  v8flags@^2.1.1:
    version "2.1.1"
    resolved "http://pyfarm-registry.local:4873/v8flags/-/v8flags-2.1.1.tgz#aab1a1fa30d45f88dd321148875ac02c0b55e5b4"
    dependencies:
      user-home "^1.1.1"
  
  validate-npm-package-license@^3.0.1:
    version "3.0.1"
    resolved "http://pyfarm-registry.local:4873/validate-npm-package-license/-/validate-npm-package-license-3.0.1.tgz#2804babe712ad3379459acfbe24746ab2c303fbc"
    dependencies:
      spdx-correct "~1.0.0"
      spdx-expression-parse "~1.0.0"
  
  vasync@^1.6.4:
    version "1.6.4"
    resolved "http://pyfarm-registry.local:4873/vasync/-/vasync-1.6.4.tgz#dfe93616ad0e7ae801b332a9d88bfc5cdc8e1d1f"
    dependencies:
      verror "1.6.0"
  
  verror@1.10.0, verror@^1.8.1, verror@^1.9.0:
    version "1.10.0"
    resolved "http://pyfarm-registry.local:4873/verror/-/verror-1.10.0.tgz#3a105ca17053af55d6e270c1f8288682e18da400"
    dependencies:
      assert-plus "^1.0.0"
      core-util-is "1.0.2"
      extsprintf "^1.2.0"
  
  verror@1.6.0:
    version "1.6.0"
    resolved "http://pyfarm-registry.local:4873/verror/-/verror-1.6.0.tgz#7d13b27b1facc2e2da90405eb5ea6e5bdd252ea5"
    dependencies:
      extsprintf "1.2.0"
  
  wbuf@^1.1.0, wbuf@^1.7.2:
    version "1.7.2"
    resolved "http://pyfarm-registry.local:4873/wbuf/-/wbuf-1.7.2.tgz#d697b99f1f59512df2751be42769c1580b5801fe"
    dependencies:
      minimalistic-assert "^1.0.0"
  
  which@^1.2.9:
    version "1.3.0"
    resolved "http://pyfarm-registry.local:4873/which/-/which-1.3.0.tgz#ff04bdfc010ee547d780bec38e1ac1c2777d253a"
    dependencies:
      isexe "^2.0.0"
  
  wide-align@^1.1.0:
    version "1.1.2"
    resolved "http://pyfarm-registry.local:4873/wide-align/-/wide-align-1.1.2.tgz#571e0f1b0604636ebc0dfc21b0339bbe31341710"
    dependencies:
      string-width "^1.0.2"
  
  wordwrap@~1.0.0:
    version "1.0.0"
    resolved "http://pyfarm-registry.local:4873/wordwrap/-/wordwrap-1.0.0.tgz#27584810891456a4171c8d0226441ade90cbcaeb"
  
  wrappy@1:
    version "1.0.2"
    resolved "http://pyfarm-registry.local:4873/wrappy/-/wrappy-1.0.2.tgz#b5243d8f3ec1aa35f1364605bc0d1036e30ab69f"
  
  write@^0.2.1:
    version "0.2.1"
    resolved "http://pyfarm-registry.local:4873/write/-/write-0.2.1.tgz#5fc03828e264cea3fe91455476f7a3c566cb0757"
    dependencies:
      mkdirp "^0.5.1"
  
  xtend@4.0.1, xtend@^4.0.0, xtend@~4.0.0:
    version "4.0.1"
    resolved "http://pyfarm-registry.local:4873/xtend/-/xtend-4.0.1.tgz#a5c6d532be656e23db820efb943a1f04998d63af"
  
  yallist@^2.1.2:
    version "2.1.2"
    resolved "http://pyfarm-registry.local:4873/yallist/-/yallist-2.1.2.tgz#1c11f9218f076089a47dd512f93c6699a6a81d52"

Trace: 
  Error: http://pyfarm-registry.local:4873/babel-preset-airbnb-base: no such package available
      at Request.params.callback [as _callback] (/usr/local/Cellar/yarn/1.0.2/libexec/lib/cli.js:60302:18)
      at Request.self.callback (/usr/local/Cellar/yarn/1.0.2/libexec/lib/cli.js:117370:22)
      at emitTwo (events.js:125:13)
      at Request.emit (events.js:213:7)
      at Request.<anonymous> (/usr/local/Cellar/yarn/1.0.2/libexec/lib/cli.js:118353:10)
      at emitOne (events.js:115:13)
      at Request.emit (events.js:210:7)
      at IncomingMessage.<anonymous> (/usr/local/Cellar/yarn/1.0.2/libexec/lib/cli.js:118273:12)
      at Object.onceWrapper (events.js:314:30)
      at emitNone (events.js:110:20)
